26/10/2006 23:27:11 - Iniciando a aplica??o...
26/10/2006 23:27:11 - Verificando se o banco de dados est? ativo...
26/10/2006 23:27:13 - Conex?o com banco de dados realizada com sucesso... o programa est? ativo...
26/10/2006 23:28:00 - Procurando neo ...
26/10/2006 23:28:00 - Usu?rio neo encontrado...
26/10/2006 23:32:00 - Iniciando a aplica??o...
26/10/2006 23:32:00 - Verificando se o banco de dados est? ativo...
26/10/2006 23:32:01 - Conex?o com banco de dados realizada com sucesso... o programa est? ativo...
26/10/2006 23:32:12 - Procurando neo ...
26/10/2006 23:32:12 - Usu?rio neo encontrado...
26/10/2006 23:33:01 - Iniciando a aplica??o...
26/10/2006 23:33:01 - Verificando se o banco de dados est? ativo...
26/10/2006 23:33:02 - Conex?o com banco de dados realizada com sucesso... o programa est? ativo...
26/10/2006 23:33:04 - Procurando neo ...
26/10/2006 23:33:04 - Usu?rio neo encontrado...
26/10/2006 23:33:31 - Iniciando a aplica??o...
26/10/2006 23:33:31 - Verificando se o banco de dados est? ativo...
26/10/2006 23:33:31 - Conex?o com banco de dados realizada com sucesso... o programa est? ativo...
26/10/2006 23:33:46 - Procurando neo ...
26/10/2006 23:33:46 - Usu?rio neo encontrado...
26/10/2006 23:36:14 - Iniciando a aplica??o...
26/10/2006 23:36:14 - Verificando se o banco de dados est? ativo...
26/10/2006 23:36:15 - Conex?o com banco de dados realizada com sucesso... o programa est? ativo...
26/10/2006 23:36:22 - Procurando neo ...
26/10/2006 23:36:22 - Usu?rio neo encontrado...
26/10/2006 23:36:24 - 1/1/0001 01:02:00
26/10/2006 23:36:40 - Iniciando a aplica??o...
26/10/2006 23:36:40 - Verificando se o banco de dados est? ativo...
26/10/2006 23:36:40 - Conex?o com banco de dados realizada com sucesso... o programa est? ativo...
26/10/2006 23:36:42 - Procurando neo ...
26/10/2006 23:36:42 - Usu?rio neo encontrado...
26/10/2006 23:36:47 - 1/1/0001 01:02:00
26/10/2006 23:37:59 - Iniciando a aplica??o...
26/10/2006 23:37:59 - Verificando se o banco de dados est? ativo...
26/10/2006 23:37:59 - Conex?o com banco de dados realizada com sucesso... o programa est? ativo...
26/10/2006 23:38:06 - Procurando neo ...
26/10/2006 23:38:06 - Usu?rio neo encontrado...
26/10/2006 23:38:07 - 1/1/0001 01:02:00
26/10/2006 23:38:07 - 1/1/0001 01:35:00
26/10/2006 23:39:39 - Iniciando a aplica??o...
26/10/2006 23:39:39 - Verificando se o banco de dados est? ativo...
26/10/2006 23:39:39 - Conex?o com banco de dados realizada com sucesso... o programa est? ativo...
26/10/2006 23:39:42 - Procurando neo ...
26/10/2006 23:39:42 - Usu?rio neo encontrado...
26/10/2006 23:41:05 - Iniciando a aplica??o...
26/10/2006 23:41:05 - Verificando se o banco de dados est? ativo...
26/10/2006 23:41:05 - Conex?o com banco de dados realizada com sucesso... o programa est? ativo...
26/10/2006 23:41:07 - Procurando neo ...
26/10/2006 23:41:07 - Usu?rio neo encontrado...
26/10/2006 23:43:01 - Iniciando a aplica??o...
26/10/2006 23:43:01 - Verificando se o banco de dados est? ativo...
26/10/2006 23:43:01 - Conex?o com banco de dados realizada com sucesso... o programa est? ativo...
26/10/2006 23:43:08 - Procurando neo ...
26/10/2006 23:43:08 - Usu?rio neo encontrado...
26/10/2006 23:44:17 - Iniciando a aplica??o...
26/10/2006 23:44:17 - Verificando se o banco de dados est? ativo...
26/10/2006 23:44:18 - Conex?o com banco de dados realizada com sucesso... o programa est? ativo...
26/10/2006 23:44:27 - Procurando neo ...
26/10/2006 23:44:27 - Usu?rio neo encontrado...
26/10/2006 23:44:35 - Procurando cris ...
26/10/2006 23:44:35 - Usu?rio cris encontrado...
26/10/2006 23:44:46 - Procurando cris ...
26/10/2006 23:44:46 - Usu?rio cris encontrado...
26/10/2006 23:56:30 - Iniciando a aplica??o...
26/10/2006 23:56:30 - Verificando se o banco de dados est? ativo...
26/10/2006 23:56:30 - Conex?o com banco de dados realizada com sucesso... o programa est? ativo...
26/10/2006 23:56:39 - Procurando neo ...
26/10/2006 23:56:39 - Usu?rio neo encontrado...
27/10/2006 00:01:13 - Iniciando a aplica??o...
27/10/2006 00:01:13 - Verificando se o banco de dados est? ativo...
27/10/2006 00:01:13 - Conex?o com banco de dados realizada com sucesso... o programa est? ativo...
27/10/2006 00:01:56 - Iniciando a aplica??o...
27/10/2006 00:01:56 - Verificando se o banco de dados est? ativo...
27/10/2006 00:01:56 - Conex?o com banco de dados realizada com sucesso... o programa est? ativo...
27/10/2006 00:03:09 - Procurando neo ...
27/10/2006 00:03:09 - Usu?rio neo encontrado...
27/10/2006 00:03:19 - Procurando cris ...
27/10/2006 00:03:19 - Usu?rio cris encontrado...
27/10/2006 00:04:51 - Iniciando a aplica??o...
27/10/2006 00:04:51 - Verificando se o banco de dados est? ativo...
27/10/2006 00:04:51 - Conex?o com banco de dados realizada com sucesso... o programa est? ativo...
27/10/2006 00:05:54 - Iniciando a aplica??o...
27/10/2006 00:05:54 - Verificando se o banco de dados est? ativo...
27/10/2006 00:05:54 - Conex?o com banco de dados realizada com sucesso... o programa est? ativo...
27/10/2006 00:06:31 - Iniciando a aplica??o...
27/10/2006 00:06:31 - Verificando se o banco de dados est? ativo...
27/10/2006 00:06:32 - Conex?o com banco de dados realizada com sucesso... o programa est? ativo...
27/10/2006 00:07:08 - Iniciando a aplica??o...
27/10/2006 00:07:08 - Verificando se o banco de dados est? ativo...
27/10/2006 00:07:08 - Conex?o com banco de dados realizada com sucesso... o programa est? ativo...
27/10/2006 00:09:21 - Iniciando a aplica??o...
27/10/2006 00:09:21 - Verificando se o banco de dados est? ativo...
27/10/2006 00:09:21 - Conex?o com banco de dados realizada com sucesso... o programa est? ativo...
27/10/2006 00:12:06 - Iniciando a aplica??o...
27/10/2006 00:12:06 - Verificando se o banco de dados est? ativo...
27/10/2006 00:12:06 - Conex?o com banco de dados realizada com sucesso... o programa est? ativo...
27/10/2006 00:13:44 - Iniciando a aplica??o...
27/10/2006 00:13:44 - Verificando se o banco de dados est? ativo...
27/10/2006 00:13:44 - Conex?o com banco de dados realizada com sucesso... o programa est? ativo...
27/10/2006 11:39:55 - Iniciando a aplica??o...
27/10/2006 11:39:55 - Verificando se o banco de dados est? ativo...
27/10/2006 11:39:55 - Conex?o com banco de dados realizada com sucesso... o programa est? ativo...
27/10/2006 11:47:01 - Iniciando a aplica??o...
27/10/2006 11:47:01 - Verificando se o banco de dados est? ativo...
27/10/2006 11:47:02 - Conex?o com banco de dados realizada com sucesso... o programa est? ativo...
27/10/2006 11:47:10 - Procurando neo ...
27/10/2006 11:47:10 - Usu?rio neo encontrado...
28/10/2006 08:53:45 - Iniciando a aplica??o...
28/10/2006 08:53:45 - Verificando se o banco de dados est? ativo...
28/10/2006 08:53:47 - Conex?o com banco de dados realizada com sucesso... o programa est? ativo...
28/10/2006 08:55:03 - Procurando cris ...
28/10/2006 08:55:03 - Usu?rio cris encontrado...
28/10/2006 22:43:24 - Iniciando a aplica??o...
28/10/2006 22:43:24 - Verificando se o banco de dados est? ativo...
28/10/2006 22:43:28 - Conex?o com banco de dados realizada com sucesso... o programa est? ativo...
10/11/2006 12:33:36 - Iniciando a aplica??o...
10/11/2006 12:33:37 - Verificando se o banco de dados est? ativo...
10/11/2006 12:33:38 - Conex?o com banco de dados realizada com sucesso... o programa est? ativo...
10/11/2006 12:35:18 - Iniciando a aplica??o...
10/11/2006 12:35:19 - Verificando se o banco de dados est? ativo...
10/11/2006 12:35:21 - Conex?o com banco de dados realizada com sucesso... o programa est? ativo...
10/11/2006 12:37:17 - Iniciando a aplica??o...
10/11/2006 12:37:17 - Verificando se o banco de dados est? ativo...
10/11/2006 12:37:17 - Conex?o com banco de dados realizada com sucesso... o programa est? ativo...
10/11/2006 12:38:57 - Iniciando a aplica??o...
10/11/2006 12:38:57 - Verificando se o banco de dados est? ativo...
10/11/2006 12:38:57 - Conex?o com banco de dados realizada com sucesso... o programa est? ativo...
10/11/2006 12:42:59 - Iniciando a aplica??o...
10/11/2006 12:42:59 - Verificando se o banco de dados est? ativo...
10/11/2006 12:43:00 - Conex?o com banco de dados realizada com sucesso... o programa est? ativo...
10/11/2006 12:43:35 - Iniciando a aplica??o...
10/11/2006 12:43:35 - Verificando se o banco de dados est? ativo...
10/11/2006 12:43:37 - Conex?o com banco de dados realizada com sucesso... o programa est? ativo...
10/11/2006 12:43:43 - Procurando cris ...
10/11/2006 12:43:43 - Usu?rio cris encontrado...
10/11/2006 12:43:56 - Procurando neo ...
10/11/2006 12:43:56 - Usu?rio neo encontrado...
10/11/2006 12:44:28 - Iniciando a aplica??o...
10/11/2006 12:44:28 - Verificando se o banco de dados est? ativo...
10/11/2006 12:44:28 - Conex?o com banco de dados realizada com sucesso... o programa est? ativo...
10/11/2006 12:44:34 - Procurando evelyn ...
10/11/2006 12:44:34 - Usu?rio evelyn n?o encontrado realizando cadastramento.
10/11/2006 12:44:46 - Cadastro realizado.
10/11/2006 12:47:12 - Iniciando a aplica??o...
10/11/2006 12:47:12 - Verificando se o banco de dados est? ativo...
10/11/2006 12:47:12 - Conex?o com banco de dados realizada com sucesso... o programa est? ativo...
10/11/2006 12:52:58 - Iniciando a aplica??o...
10/11/2006 12:52:59 - Verificando se o banco de dados est? ativo...
10/11/2006 12:52:59 - Conex?o com banco de dados realizada com sucesso... o programa est? ativo...
10/11/2006 12:58:36 - Iniciando a aplica??o...
10/11/2006 12:58:36 - Verificando se o banco de dados est? ativo...
10/11/2006 12:58:36 - Conex?o com banco de dados realizada com sucesso... o programa est? ativo...
10/11/2006 12:58:52 - Iniciando a aplica??o...
10/11/2006 12:58:52 - Verificando se o banco de dados est? ativo...
10/11/2006 12:58:52 - Conex?o com banco de dados realizada com sucesso... o programa est? ativo...
10/11/2006 13:02:55 - Iniciando a aplica??o...
10/11/2006 13:02:55 - Verificando se o banco de dados est? ativo...
10/11/2006 13:02:55 - Conex?o com banco de dados realizada com sucesso... o programa est? ativo...
10/11/2006 13:03:42 - Iniciando a aplica??o...
10/11/2006 13:03:42 - Verificando se o banco de dados est? ativo...
10/11/2006 13:03:43 - Conex?o com banco de dados realizada com sucesso... o programa est? ativo...
10/11/2006 13:04:00 - Iniciando a aplica??o...
10/11/2006 13:04:00 - Verificando se o banco de dados est? ativo...
10/11/2006 13:04:00 - Conex?o com banco de dados realizada com sucesso... o programa est? ativo...
10/11/2006 13:04:27 - Iniciando a aplica??o...
10/11/2006 13:04:27 - Verificando se o banco de dados est? ativo...
10/11/2006 13:04:28 - Conex?o com banco de dados realizada com sucesso... o programa est? ativo...
11/11/2006 00:55:21 - Iniciando a aplica??o...
11/11/2006 00:55:21 - Verificando se o banco de dados est? ativo...
11/11/2006 00:55:24 - Conexao com banco de dados realizada com sucesso... o programa esta ativo...
11/11/2006 00:55:34 - Procurando cris ...
11/11/2006 00:55:34 - Usu?rio cris encontrado...
11/11/2006 00:55:52 - Procurando neo ...
11/11/2006 00:55:53 - Usu?rio neo encontrado...
11/11/2006 00:56:18 - Procurando evelyn ...
11/11/2006 00:56:18 - Usu?rio evelyn encontrado...
11/11/2006 00:56:51 - Procurando cris ...
11/11/2006 00:56:51 - Usu?rio cris encontrado...
11/11/2006 01:02:14 - Iniciando a aplica??o...
11/11/2006 01:02:15 - Verificando se o banco de dados est? ativo...
11/11/2006 01:02:15 - Conexao com banco de dados realizada com sucesso... o programa esta ativo...
11/11/2006 01:02:26 - Procurando neo ...
11/11/2006 01:02:27 - Erro ao conectar bando de dados: ERROR: 42601: syntax error at or near "."
11/11/2006 01:02:53 - Iniciando a aplica??o...
11/11/2006 01:02:53 - Verificando se o banco de dados est? ativo...
11/11/2006 01:02:53 - Conexao com banco de dados realizada com sucesso... o programa esta ativo...
11/11/2006 01:02:59 - Procurando neo ...
11/11/2006 01:02:59 - Usu?rio neo encontrado...
11/11/2006 01:04:53 - Iniciando a aplica??o...
11/11/2006 01:04:54 - Verificando se o banco de dados est? ativo...
11/11/2006 01:04:54 - Conexao com banco de dados realizada com sucesso... o programa esta ativo...
11/11/2006 01:04:57 - Procurando neo ...
11/11/2006 01:04:57 - Usu?rio neo encontrado...
11/11/2006 01:06:59 - Iniciando a aplica??o...
11/11/2006 01:06:59 - Verificando se o banco de dados est? ativo...
11/11/2006 01:06:59 - Conexao com banco de dados realizada com sucesso... o programa esta ativo...
11/11/2006 01:07:01 - Procurando neo ...
11/11/2006 01:07:02 - Usu?rio neo encontrado...
11/11/2006 01:07:36 - Iniciando a aplica??o...
11/11/2006 01:07:36 - Verificando se o banco de dados est? ativo...
11/11/2006 01:07:36 - Conexao com banco de dados realizada com sucesso... o programa esta ativo...
11/11/2006 01:07:37 - Procurando neo ...
11/11/2006 01:07:37 - Usu?rio neo encontrado...
11/11/2006 01:11:01 - Iniciando a aplica??o...
11/11/2006 01:11:01 - Verificando se o banco de dados est? ativo...
11/11/2006 01:11:01 - Conexao com banco de dados realizada com sucesso... o programa esta ativo...
11/11/2006 01:11:03 - Procurando neo ...
11/11/2006 01:11:03 - Usu?rio neo encontrado...
11/11/2006 01:11:10 - Procurando evelyn ...
11/11/2006 01:11:10 - Usu?rio evelyn encontrado...
11/11/2006 01:11:15 - Procurando cris ...
11/11/2006 01:11:15 - Usu?rio cris encontrado...
11/11/2006 01:12:55 - Iniciando a aplica??o...
11/11/2006 01:12:55 - Verificando se o banco de dados est? ativo...
11/11/2006 01:12:55 - Conexao com banco de dados realizada com sucesso... o programa esta ativo...
11/11/2006 01:12:59 - Procurando neo ...
11/11/2006 01:12:59 - Usu?rio neo n?o encontrado realizando cadastramento.
11/11/2006 01:13:07 - Procurando neo ...
11/11/2006 01:13:07 - Usu?rio neo n?o encontrado realizando cadastramento.
11/11/2006 01:16:26 - Iniciando a aplica??o...
11/11/2006 01:16:26 - Verificando se o banco de dados est? ativo...
11/11/2006 01:16:26 - Conexao com banco de dados realizada com sucesso... o programa esta ativo...
11/11/2006 01:16:28 - Procurando neo ...
11/11/2006 01:17:28 - Iniciando a aplica??o...
11/11/2006 01:17:28 - Verificando se o banco de dados est? ativo...
11/11/2006 01:17:28 - Conexao com banco de dados realizada com sucesso... o programa esta ativo...
11/11/2006 01:17:29 - Procurando neo ...
11/11/2006 01:18:35 - Iniciando a aplica??o...
11/11/2006 01:18:35 - Verificando se o banco de dados est? ativo...
11/11/2006 01:18:35 - Conexao com banco de dados realizada com sucesso... o programa esta ativo...
11/11/2006 01:18:37 - Procurando neo ...
11/11/2006 01:18:37 - Usu?rio neo encontrado...
11/11/2006 01:18:52 - Procurando neo ...
11/11/2006 01:18:52 - Usu?rio neo encontrado...
11/11/2006 01:18:56 - Procurando cris ...
11/11/2006 01:18:56 - Usu?rio cris encontrado...
11/11/2006 01:20:09 - Iniciando a aplica??o...
11/11/2006 01:20:09 - Verificando se o banco de dados est? ativo...
11/11/2006 01:20:09 - Conexao com banco de dados realizada com sucesso... o programa esta ativo...
11/11/2006 01:20:10 - Procurando neo ...
11/11/2006 01:20:10 - Usu?rio neo encontrado...
11/11/2006 01:21:01 - Iniciando a aplica??o...
11/11/2006 01:21:01 - Verificando se o banco de dados est? ativo...
11/11/2006 01:21:01 - Conexao com banco de dados realizada com sucesso... o programa esta ativo...
11/11/2006 01:21:05 - Procurando neo ...
11/11/2006 01:21:05 - Usu?rio neo encontrado...
11/11/2006 01:21:34 - Iniciando a aplica??o...
11/11/2006 01:21:34 - Verificando se o banco de dados est? ativo...
11/11/2006 01:21:34 - Conexao com banco de dados realizada com sucesso... o programa esta ativo...
11/11/2006 01:21:35 - Procurando neo ...
11/11/2006 01:21:35 - Usu?rio neo encontrado...
11/11/2006 01:22:03 - Procurando neo ...
11/11/2006 01:22:03 - Usu?rio neo encontrado...
11/11/2006 01:22:09 - Procurando cris ...
11/11/2006 01:22:09 - Usu?rio cris encontrado...
11/11/2006 01:22:19 - Procurando evelyn ...
11/11/2006 01:22:19 - Usu?rio evelyn encontrado...
11/11/2006 01:24:18 - Iniciando a aplica??o...
11/11/2006 01:24:18 - Verificando se o banco de dados est? ativo...
11/11/2006 01:24:18 - Conexao com banco de dados realizada com sucesso... o programa esta ativo...
11/11/2006 01:24:19 - Procurando cris ...
11/11/2006 01:24:19 - Usu?rio cris encontrado...
11/11/2006 01:24:24 - Procurando neo ...
11/11/2006 01:24:24 - Usu?rio neo encontrado...
11/11/2006 01:25:55 - Procurando cris ...
11/11/2006 01:25:55 - Usu?rio cris encontrado...
11/11/2006 01:29:15 - Iniciando a aplica??o...
11/11/2006 01:29:15 - Verificando se o banco de dados est? ativo...
11/11/2006 01:29:18 - Conexao com banco de dados realizada com sucesso... o programa esta ativo...
11/11/2006 01:46:04 - Iniciando a aplica??o...
11/11/2006 01:46:04 - Verificando se o banco de dados est? ativo...
11/11/2006 01:46:04 - Conexao com banco de dados realizada com sucesso... o programa esta ativo...
11/11/2006 01:46:12 - Procurando neo ...
11/11/2006 01:46:12 - Usu?rio neo encontrado...
11/11/2006 01:48:13 - Procurando neo ...
11/11/2006 01:48:13 - Usu?rio neo encontrado...
11/11/2006 02:18:19 - Iniciando a aplica??o...
11/11/2006 02:18:19 - Verificando se o banco de dados est? ativo...
11/11/2006 02:18:19 - Conexao com banco de dados realizada com sucesso... o programa esta ativo...
11/11/2006 02:18:25 - Procurando neo ...
11/11/2006 02:18:25 - Usu?rio neo encontrado...
11/11/2006 02:29:19 - Procurando neo ...
11/11/2006 02:29:20 - Usu?rio neo encontrado...
11/11/2006 02:30:46 - Procurando neo ...
11/11/2006 02:30:46 - Usu?rio neo encontrado...
11/11/2006 02:45:41 - Iniciando a aplica??o...
11/11/2006 02:45:42 - Verificando se o banco de dados est? ativo...
11/11/2006 02:45:45 - Conexao com banco de dados realizada com sucesso... o programa esta ativo...
11/11/2006 02:48:40 - Iniciando a aplica??o...
11/11/2006 02:48:40 - Verificando se o banco de dados est? ativo...
11/11/2006 02:48:42 - Conexao com banco de dados realizada com sucesso... o programa esta ativo...
11/11/2006 02:54:44 - Iniciando a aplica??o...
11/11/2006 02:54:45 - Verificando se o banco de dados est? ativo...
11/11/2006 02:54:47 - Conexao com banco de dados realizada com sucesso... o programa esta ativo...
11/11/2006 02:55:01 - Procurando neo ...
11/11/2006 02:55:01 - Usu?rio neo encontrado...
11/11/2006 02:55:08 - Procurando neo ...
11/11/2006 02:55:08 - Usu?rio neo encontrado...
11/11/2006 02:55:42 - Iniciando a aplica??o...
11/11/2006 02:55:42 - Verificando se o banco de dados est? ativo...
11/11/2006 02:55:43 - Conexao com banco de dados realizada com sucesso... o programa esta ativo...
11/11/2006 02:55:45 - Procurando neo ...
11/11/2006 02:55:45 - Usu?rio neo encontrado...
11/11/2006 02:55:52 - Procurando cris ...
11/11/2006 02:55:52 - Usu?rio cris encontrado...
11/11/2006 02:58:50 - Iniciando a aplica??o...
11/11/2006 02:58:50 - Verificando se o banco de dados est? ativo...
11/11/2006 02:58:50 - Conexao com banco de dados realizada com sucesso... o programa esta ativo...
11/11/2006 23:15:56 - Iniciando a aplica??o...
11/11/2006 23:15:56 - Verificando se o banco de dados est? ativo...
11/11/2006 23:15:58 - Conexao com banco de dados realizada com sucesso... o programa esta ativo...
11/11/2006 23:24:25 - Iniciando a aplica??o...
11/11/2006 23:24:25 - Verificando se o banco de dados est? ativo...
11/11/2006 23:24:28 - Conexao com banco de dados realizada com sucesso... o programa esta ativo...
11/11/2006 23:32:57 - Iniciando a aplica??o...
11/11/2006 23:32:57 - Verificando se o banco de dados est? ativo...
11/11/2006 23:32:58 - Conexao com banco de dados realizada com sucesso... o programa esta ativo...
11/11/2006 23:34:31 - Iniciando a aplica??o...
11/11/2006 23:34:31 - Verificando se o banco de dados est? ativo...
11/11/2006 23:34:31 - Conexao com banco de dados realizada com sucesso... o programa esta ativo...
11/11/2006 23:41:25 - Iniciando a aplica??o...
11/11/2006 23:41:25 - Verificando se o banco de dados est? ativo...
11/11/2006 23:41:25 - Conexao com banco de dados realizada com sucesso... o programa esta ativo...
12/11/2006 00:29:33 - Iniciando a aplica??o...
12/11/2006 00:29:34 - Verificando se o banco de dados est? ativo...
12/11/2006 00:29:36 - Conexao com banco de dados realizada com sucesso... o programa esta ativo...
12/11/2006 00:29:42 - Procurando neo ...
12/11/2006 00:29:42 - Usu?rio neo encontrado...
21/12/2006 09:19:32 - Iniciando a aplica??o...
21/12/2006 09:19:33 - Verificando se o banco de dados est? ativo...
21/12/2006 09:19:34 - ATEN??O - N?o foi poss?vel conectar ao banco de dados, o programa n?o pode funcionar corretamente...System.Net.Sockets.SocketException: Nenhuma conex?o p?de ser feita porque a m?quina de destino as recusou ativamente
   at System.Net.Sockets.Socket.DoConnect(EndPoint endPointSnapshot, SocketAddress socketAddress)
   at System.Net.Sockets.Socket.Connect(EndPoint remoteEP)
   at System.Net.Sockets.TcpClient.Connect(IPEndPoint remoteEP)
   at Npgsql.NpgsqlClosedState.Open(NpgsqlConnector context)
28/01/2007 17:16:41 - Iniciando a aplica??o...
28/01/2007 17:16:41 - Verificando se o banco de dados est? ativo...
28/01/2007 17:16:45 - ATEN??O - N?o foi poss?vel conectar ao banco de dados, o programa n?o pode funcionar corretamente...System.Net.Sockets.SocketException: Nenhuma conex?o p?de ser feita porque a m?quina de destino as recusou ativamente
   at System.Net.Sockets.Socket.DoConnect(EndPoint endPointSnapshot, SocketAddress socketAddress)
   at System.Net.Sockets.Socket.Connect(EndPoint remoteEP)
   at System.Net.Sockets.TcpClient.Connect(IPEndPoint remoteEP)
   at Npgsql.NpgsqlClosedState.Open(NpgsqlConnector context)
12/03/2007 10:50:13 - Iniciando a aplica??o...
12/03/2007 10:50:13 - Verificando se o banco de dados est? ativo...
12/03/2007 10:50:23 - ATEN??O - N?o foi poss?vel conectar ao banco de dados, o programa n?o pode funcionar corretamente...FATAL: 28000: no pg_hba.conf entry for host "10.0.0.253", user "postgres", database "kronos", SSL off
12/03/2007 10:51:46 - Iniciando a aplica??o...
12/03/2007 10:51:46 - Verificando se o banco de dados est? ativo...
12/03/2007 10:51:48 - ATEN??O - N?o foi poss?vel conectar ao banco de dados, o programa n?o pode funcionar corretamente...FATAL: 28000: no pg_hba.conf entry for host "10.0.0.253", user "postgres", database "kronos", SSL off
12/03/2007 10:54:23 - Iniciando a aplica??o...
12/03/2007 10:54:23 - Verificando se o banco de dados est? ativo...
12/03/2007 10:54:26 - ATEN??O - N?o foi poss?vel conectar ao banco de dados, o programa n?o pode funcionar corretamente...FATAL: 57P03: the database system is starting up
12/03/2007 10:57:05 - Iniciando a aplica??o...
12/03/2007 10:57:05 - Verificando se o banco de dados est? ativo...
12/03/2007 10:57:07 - Conexao com banco de dados realizada com sucesso... o programa esta ativo...
12/03/2007 10:57:30 - Procurando neo ...
12/03/2007 10:57:30 - Usu?rio neo encontrado...
12/03/2007 10:57:57 - Iniciando a aplica??o...
12/03/2007 10:57:58 - Verificando se o banco de dados est? ativo...
12/03/2007 10:58:05 - Conexao com banco de dados realizada com sucesso... o programa esta ativo...
12/03/2007 10:58:08 - Procurando neo ...
12/03/2007 10:58:08 - Usu?rio neo encontrado...
12/03/2007 11:00:10 - Iniciando a aplica??o...
12/03/2007 11:00:10 - Verificando se o banco de dados est? ativo...
12/03/2007 11:00:11 - Conexao com banco de dados realizada com sucesso... o programa esta ativo...
12/03/2007 11:00:16 - Procurando neo ...
12/03/2007 11:00:17 - Usu?rio neo encontrado...
12/03/2007 11:09:43 - Iniciando a aplica??o...
12/03/2007 11:09:43 - Verificando se o banco de dados est? ativo...
12/03/2007 11:09:47 - Conexao com banco de dados realizada com sucesso... o programa esta ativo...
05/04/2007 23:59:23 - Iniciando a aplica??o...
05/04/2007 23:59:23 - Verificando se o banco de dados est? ativo...
05/04/2007 23:59:25 - Conexao com banco de dados realizada com sucesso... o programa esta ativo...
05/04/2007 23:59:27 - Procurando aline ...
05/04/2007 23:59:28 - Usu?rio aline encontrado...
11/04/2007 01:28:07 - Iniciando a aplica??o...
11/04/2007 01:28:07 - Verificando se o banco de dados est? ativo...
11/04/2007 01:28:10 - Conexao com banco de dados realizada com sucesso... o programa esta ativo...
11/04/2007 01:38:01 - Iniciando a aplica??o...
11/04/2007 01:38:01 - Verificando se o banco de dados est? ativo...
11/04/2007 01:38:02 - Conexao com banco de dados realizada com sucesso... o programa esta ativo...
11/04/2007 01:41:09 - Iniciando a aplica??o...
11/04/2007 01:41:09 - Verificando se o banco de dados est? ativo...
11/04/2007 01:41:09 - Conexao com banco de dados realizada com sucesso... o programa esta ativo...
11/04/2007 01:41:27 - Procurando neo ...
11/04/2007 01:41:27 - Usu?rio neo encontrado...
11/04/2007 01:42:27 - Iniciando a aplica??o...
11/04/2007 01:42:27 - Verificando se o banco de dados est? ativo...
11/04/2007 01:42:27 - Conexao com banco de dados realizada com sucesso... o programa esta ativo...
11/04/2007 01:42:47 - Iniciando a aplica??o...
11/04/2007 01:42:47 - Verificando se o banco de dados est? ativo...
11/04/2007 01:42:48 - Conexao com banco de dados realizada com sucesso... o programa esta ativo...
11/04/2007 01:43:23 - Iniciando a aplica??o...
11/04/2007 01:43:23 - Verificando se o banco de dados est? ativo...
11/04/2007 01:43:23 - Conexao com banco de dados realizada com sucesso... o programa esta ativo...
11/04/2007 01:44:23 - Iniciando a aplica??o...
11/04/2007 01:44:23 - Verificando se o banco de dados est? ativo...
11/04/2007 01:44:24 - Conexao com banco de dados realizada com sucesso... o programa esta ativo...
11/04/2007 01:46:22 - Iniciando a aplica??o...
11/04/2007 01:46:22 - Verificando se o banco de dados est? ativo...
11/04/2007 01:46:23 - Conexao com banco de dados realizada com sucesso... o programa esta ativo...
11/04/2007 01:47:19 - Iniciando a aplica??o...
11/04/2007 01:47:19 - Verificando se o banco de dados est? ativo...
11/04/2007 01:47:20 - Conexao com banco de dados realizada com sucesso... o programa esta ativo...
11/04/2007 01:51:08 - Iniciando a aplica??o...
11/04/2007 01:51:08 - Verificando se o banco de dados est? ativo...
11/04/2007 01:51:08 - Conexao com banco de dados realizada com sucesso... o programa esta ativo...
11/04/2007 01:59:32 - Iniciando a aplica??o...
11/04/2007 01:59:32 - Verificando se o banco de dados est? ativo...
11/04/2007 01:59:32 - Conexao com banco de dados realizada com sucesso... o programa esta ativo...
11/04/2007 02:10:20 - Iniciando a aplica??o...
11/04/2007 02:10:21 - Verificando se o banco de dados est? ativo...
11/04/2007 02:10:24 - Conexao com banco de dados realizada com sucesso... o programa esta ativo...
11/04/2007 02:12:08 - Iniciando a aplica??o...
11/04/2007 02:12:08 - Verificando se o banco de dados est? ativo...
11/04/2007 02:12:08 - Conexao com banco de dados realizada com sucesso... o programa esta ativo...
11/04/2007 02:20:32 - Iniciando a aplica??o...
11/04/2007 02:20:32 - Verificando se o banco de dados est? ativo...
11/04/2007 02:20:33 - Conexao com banco de dados realizada com sucesso... o programa esta ativo...
11/04/2007 02:22:46 - Iniciando a aplica??o...
11/04/2007 02:22:46 - Verificando se o banco de dados est? ativo...
11/04/2007 02:22:47 - Conexao com banco de dados realizada com sucesso... o programa esta ativo...
11/04/2007 02:23:24 - Iniciando a aplica??o...
11/04/2007 02:23:24 - Verificando se o banco de dados est? ativo...
11/04/2007 02:23:24 - Conexao com banco de dados realizada com sucesso... o programa esta ativo...
11/04/2007 02:24:12 - Iniciando a aplica??o...
11/04/2007 02:24:12 - Verificando se o banco de dados est? ativo...
11/04/2007 02:24:12 - Conexao com banco de dados realizada com sucesso... o programa esta ativo...
11/04/2007 02:26:04 - Iniciando a aplica??o...
11/04/2007 02:26:04 - Verificando se o banco de dados est? ativo...
11/04/2007 02:26:04 - Conexao com banco de dados realizada com sucesso... o programa esta ativo...
11/04/2007 02:26:07 - Procurando neo ...
11/04/2007 02:26:07 - Usu?rio neo encontrado...
11/04/2007 02:29:32 - Iniciando a aplica??o...
11/04/2007 02:29:33 - Verificando se o banco de dados est? ativo...
11/04/2007 02:29:34 - Conexao com banco de dados realizada com sucesso... o programa esta ativo...
11/04/2007 02:30:31 - Iniciando a aplica??o...
11/04/2007 02:30:31 - Verificando se o banco de dados est? ativo...
11/04/2007 02:30:31 - Conexao com banco de dados realizada com sucesso... o programa esta ativo...
16/04/2007 19:41:15 - Iniciando a aplica??o...
16/04/2007 19:41:15 - Verificando se o banco de dados est? ativo...
16/04/2007 19:41:18 - Conexao com banco de dados realizada com sucesso... o programa esta ativo...
16/04/2007 19:42:46 - Iniciando a aplica??o...
16/04/2007 19:42:47 - Verificando se o banco de dados est? ativo...
16/04/2007 19:42:48 - Conexao com banco de dados realizada com sucesso... o programa esta ativo...
16/04/2007 19:45:18 - Iniciando a aplica??o...
16/04/2007 19:45:18 - Verificando se o banco de dados est? ativo...
16/04/2007 19:45:18 - Conexao com banco de dados realizada com sucesso... o programa esta ativo...
16/04/2007 19:48:10 - Iniciando a aplica??o...
16/04/2007 19:48:10 - Verificando se o banco de dados est? ativo...
16/04/2007 19:48:10 - Conexao com banco de dados realizada com sucesso... o programa esta ativo...
16/04/2007 19:48:44 - Iniciando a aplica??o...
16/04/2007 19:48:44 - Verificando se o banco de dados est? ativo...
16/04/2007 19:48:44 - Conexao com banco de dados realizada com sucesso... o programa esta ativo...
16/04/2007 19:51:17 - Iniciando a aplica??o...
16/04/2007 19:51:17 - Verificando se o banco de dados est? ativo...
16/04/2007 19:51:17 - Conexao com banco de dados realizada com sucesso... o programa esta ativo...
16/04/2007 19:52:28 - Iniciando a aplica??o...
16/04/2007 19:52:28 - Verificando se o banco de dados est? ativo...
16/04/2007 19:52:29 - Conexao com banco de dados realizada com sucesso... o programa esta ativo...
16/04/2007 19:52:55 - Iniciando a aplica??o...
16/04/2007 19:52:55 - Verificando se o banco de dados est? ativo...
16/04/2007 19:52:55 - Conexao com banco de dados realizada com sucesso... o programa esta ativo...
16/04/2007 19:54:31 - Iniciando a aplica??o...
16/04/2007 19:54:31 - Verificando se o banco de dados est? ativo...
16/04/2007 19:54:32 - Conexao com banco de dados realizada com sucesso... o programa esta ativo...
16/04/2007 19:57:30 - Iniciando a aplica??o...
16/04/2007 19:57:30 - Verificando se o banco de dados est? ativo...
16/04/2007 19:57:30 - Conexao com banco de dados realizada com sucesso... o programa esta ativo...
17/04/2007 00:10:45 - Iniciando a aplica??o...
17/04/2007 00:10:46 - Verificando se o banco de dados est? ativo...
17/04/2007 00:10:49 - Conexao com banco de dados realizada com sucesso... o programa esta ativo...
17/04/2007 00:17:51 - Iniciando a aplica??o...
17/04/2007 00:17:51 - Verificando se o banco de dados est? ativo...
17/04/2007 00:17:54 - Conexao com banco de dados realizada com sucesso... o programa esta ativo...
