14/09/2006 10:11:39 - Iniciando a aplica??o...
14/09/2006 10:11:39 - Verificando se o servidor est? ativo...
14/09/2006 10:11:39 - Servidor ativo iniciando programa...
14/09/2006 10:11:39 - Verificando se o banco de dados est? ativo...
14/09/2006 10:11:40 - Conex?o com banco de dados realizada com sucesso... o programa est? ativo...
14/09/2006 10:12:00 - verificando maquinas...
14/09/2006 10:12:00 - 1 maquina KRONOS-GS-02 e KRONOS-GS-02
14/09/2006 10:12:00 - 2 maquina KRONOS-GS-02 e KRONOS-GS-02
14/09/2006 10:12:00 - 3 maquina KRONOS-GS-02 e KRONOS-GS-02
14/09/2006 10:12:00 - 3 maquina KRONOS-GS-02 e KRONOS-GS-03
14/09/2006 10:12:00 - 3 maquina KRONOS-GS-02 e KRONOS-GS-04
14/09/2006 10:12:00 - 3 maquina KRONOS-GS-02 e KRONOS-GS-05
14/09/2006 10:12:00 - 3 maquina KRONOS-GS-02 e KRONOS-GS-06
14/09/2006 10:13:26 - Iniciando a aplica??o...
14/09/2006 10:13:26 - Verificando se o servidor est? ativo...
14/09/2006 10:13:26 - Servidor ativo iniciando programa...
14/09/2006 10:13:26 - Verificando se o banco de dados est? ativo...
14/09/2006 10:13:26 - Conex?o com banco de dados realizada com sucesso... o programa est? ativo...
14/09/2006 10:13:46 - verificando maquinas...
14/09/2006 10:13:46 - 1 maquina KRONOS-GS-02 e KRONOS-GS-02
14/09/2006 10:13:46 - 2 maquina KRONOS-GS-02 e KRONOS-GS-02
14/09/2006 10:13:46 - 3 maquina KRONOS-GS-02 e KRONOS-GS-02
14/09/2006 10:13:46 - 3 maquina KRONOS-GS-02 e KRONOS-GS-03
14/09/2006 10:13:46 - 3 maquina KRONOS-GS-02 e KRONOS-GS-04
14/09/2006 10:13:46 - 3 maquina KRONOS-GS-02 e KRONOS-GS-05
14/09/2006 10:13:46 - 3 maquina KRONOS-GS-02 e KRONOS-GS-06
14/09/2006 10:15:32 - Iniciando a aplica??o...
14/09/2006 10:15:32 - Verificando se o servidor est? ativo...
14/09/2006 10:15:32 - Servidor ativo iniciando programa...
14/09/2006 10:15:32 - Verificando se o banco de dados est? ativo...
14/09/2006 10:15:32 - Conex?o com banco de dados realizada com sucesso... o programa est? ativo...
14/09/2006 10:15:52 - verificando maquinas...
14/09/2006 10:15:52 - 1 maquina KRONOS-GS-02 e KRONOS-GS-02
14/09/2006 10:15:52 - 2 maquina KRONOS-GS-02 e KRONOS-GS-02
14/09/2006 10:15:52 - 3 maquina KRONOS-GS-02 e KRONOS-GS-02
14/09/2006 10:16:12 - verificando maquinas...
14/09/2006 10:16:12 - 1 maquina KRONOS-GS-02 e KRONOS-GS-02
14/09/2006 10:16:12 - 2 maquina KRONOS-GS-02 e KRONOS-GS-02
14/09/2006 10:16:12 - 3 maquina KRONOS-GS-02 e KRONOS-GS-02
14/09/2006 10:17:36 - Iniciando a aplica??o...
14/09/2006 10:17:36 - Verificando se o servidor est? ativo...
14/09/2006 10:17:36 - Servidor ativo iniciando programa...
14/09/2006 10:17:36 - Verificando se o banco de dados est? ativo...
14/09/2006 10:17:37 - Conex?o com banco de dados realizada com sucesso... o programa est? ativo...
14/09/2006 10:17:57 - verificando maquinas...
14/09/2006 10:17:58 - 1 maquina KRONOS-GS-05 e KRONOS-GS-02
14/09/2006 10:17:58 - 2 maquina KRONOS-GS-05 e KRONOS-GS-02
14/09/2006 10:17:58 - 3 maquina KRONOS-GS-05 e KRONOS-GS-05
14/09/2006 10:19:59 - Iniciando a aplica??o...
14/09/2006 10:19:59 - Verificando se o servidor est? ativo...
14/09/2006 10:19:59 - Servidor ativo iniciando programa...
14/09/2006 10:19:59 - Verificando se o banco de dados est? ativo...
14/09/2006 10:19:59 - Conex?o com banco de dados realizada com sucesso... o programa est? ativo...
14/09/2006 10:20:19 - verificando maquinas...
14/09/2006 10:20:19 - 1 maquina KRONOS-GS-05 e KRONOS-GS-02
14/09/2006 10:20:19 - 2 maquina KRONOS-GS-05 e KRONOS-GS-02
14/09/2006 10:20:19 - 3 maquina KRONOS-GS-05 e KRONOS-GS-05
14/09/2006 10:20:19 - 1 maquina KRONOS-GS-03 e KRONOS-GS-03
14/09/2006 10:20:19 - 2 maquina KRONOS-GS-03 e KRONOS-GS-03
14/09/2006 10:20:19 - 3 maquina KRONOS-GS-03 e KRONOS-GS-03
14/09/2006 10:20:31 - Iniciando a aplica??o...
14/09/2006 10:20:31 - Verificando se o servidor est? ativo...
14/09/2006 10:20:31 - Servidor ativo iniciando programa...
14/09/2006 10:20:31 - Verificando se o banco de dados est? ativo...
14/09/2006 10:20:31 - Conex?o com banco de dados realizada com sucesso... o programa est? ativo...
14/09/2006 10:20:51 - verificando maquinas...
14/09/2006 10:20:51 - 1 maquina KRONOS-GS-05 e KRONOS-GS-02
14/09/2006 10:20:51 - 2 maquina KRONOS-GS-05 e KRONOS-GS-02
14/09/2006 10:20:51 - 3 maquina KRONOS-GS-05 e KRONOS-GS-05
14/09/2006 10:20:51 - 1 maquina KRONOS-GS-03 e KRONOS-GS-03
14/09/2006 10:20:51 - 2 maquina KRONOS-GS-03 e KRONOS-GS-03
14/09/2006 10:20:51 - 3 maquina KRONOS-GS-03 e KRONOS-GS-03
14/09/2006 10:21:11 - verificando maquinas...
14/09/2006 10:21:11 - 1 maquina KRONOS-GS-05 e KRONOS-GS-02
14/09/2006 10:21:11 - 2 maquina KRONOS-GS-05 e KRONOS-GS-02
14/09/2006 10:21:11 - 3 maquina KRONOS-GS-05 e KRONOS-GS-05
14/09/2006 10:21:11 - 1 maquina KRONOS-GS-03 e KRONOS-GS-03
14/09/2006 10:21:11 - 2 maquina KRONOS-GS-03 e KRONOS-GS-03
14/09/2006 10:21:11 - 3 maquina KRONOS-GS-03 e KRONOS-GS-03
14/09/2006 10:21:31 - verificando maquinas...
14/09/2006 10:21:31 - 1 maquina KRONOS-GS-05 e KRONOS-GS-02
14/09/2006 10:21:31 - 2 maquina KRONOS-GS-05 e KRONOS-GS-02
14/09/2006 10:21:31 - 3 maquina KRONOS-GS-05 e KRONOS-GS-05
14/09/2006 10:21:31 - 1 maquina KRONOS-GS-03 e KRONOS-GS-03
14/09/2006 10:21:31 - 2 maquina KRONOS-GS-03 e KRONOS-GS-03
14/09/2006 10:21:31 - 3 maquina KRONOS-GS-03 e KRONOS-GS-03
14/09/2006 10:21:37 - Procurando cris ...
14/09/2006 10:21:37 - Usu?rio cris encontrado...
14/09/2006 10:21:51 - verificando maquinas...
14/09/2006 10:21:51 - 1 maquina KRONOS-GS-05 e KRONOS-GS-02
14/09/2006 10:21:51 - 2 maquina KRONOS-GS-05 e KRONOS-GS-02
14/09/2006 10:21:51 - 3 maquina KRONOS-GS-05 e KRONOS-GS-05
14/09/2006 10:21:51 - 1 maquina KRONOS-GS-03 e KRONOS-GS-03
14/09/2006 10:21:51 - 2 maquina KRONOS-GS-03 e KRONOS-GS-03
14/09/2006 10:21:51 - 3 maquina KRONOS-GS-03 e KRONOS-GS-03
14/09/2006 10:22:11 - verificando maquinas...
14/09/2006 10:22:11 - 1 maquina KRONOS-GS-05 e KRONOS-GS-02
14/09/2006 10:22:11 - 2 maquina KRONOS-GS-05 e KRONOS-GS-02
14/09/2006 10:22:11 - 3 maquina KRONOS-GS-05 e KRONOS-GS-05
14/09/2006 10:22:11 - 1 maquina KRONOS-GS-03 e KRONOS-GS-03
14/09/2006 10:22:11 - 2 maquina KRONOS-GS-03 e KRONOS-GS-03
14/09/2006 10:22:11 - 3 maquina KRONOS-GS-03 e KRONOS-GS-03
14/09/2006 10:22:31 - verificando maquinas...
14/09/2006 10:22:31 - 1 maquina KRONOS-GS-05 e KRONOS-GS-02
14/09/2006 10:22:31 - 2 maquina KRONOS-GS-05 e KRONOS-GS-02
14/09/2006 10:22:31 - 3 maquina KRONOS-GS-05 e KRONOS-GS-05
14/09/2006 10:22:31 - 1 maquina KRONOS-GS-03 e KRONOS-GS-03
14/09/2006 10:22:31 - 2 maquina KRONOS-GS-03 e KRONOS-GS-03
14/09/2006 10:22:31 - 3 maquina KRONOS-GS-03 e KRONOS-GS-03
14/09/2006 10:22:51 - verificando maquinas...
14/09/2006 10:22:51 - 1 maquina KRONOS-GS-05 e KRONOS-GS-02
14/09/2006 10:22:51 - 2 maquina KRONOS-GS-05 e KRONOS-GS-02
14/09/2006 10:22:51 - 3 maquina KRONOS-GS-05 e KRONOS-GS-05
14/09/2006 10:22:51 - 1 maquina KRONOS-GS-03 e KRONOS-GS-03
14/09/2006 10:22:51 - 2 maquina KRONOS-GS-03 e KRONOS-GS-03
14/09/2006 10:22:51 - 3 maquina KRONOS-GS-03 e KRONOS-GS-03
14/09/2006 10:23:11 - verificando maquinas...
14/09/2006 10:23:11 - 1 maquina KRONOS-GS-05 e KRONOS-GS-02
14/09/2006 10:23:11 - 2 maquina KRONOS-GS-05 e KRONOS-GS-02
14/09/2006 10:23:11 - 3 maquina KRONOS-GS-05 e KRONOS-GS-05
14/09/2006 10:23:11 - 1 maquina KRONOS-GS-03 e KRONOS-GS-03
14/09/2006 10:23:11 - 2 maquina KRONOS-GS-03 e KRONOS-GS-03
14/09/2006 10:23:11 - 3 maquina KRONOS-GS-03 e KRONOS-GS-03
14/09/2006 10:23:26 - Procurando evelyn ...
14/09/2006 10:23:26 - Usu?rio evelyn n?o encontrado realizando um novo cadastro.
14/09/2006 10:23:31 - verificando maquinas...
14/09/2006 10:23:31 - 1 maquina KRONOS-GS-05 e KRONOS-GS-02
14/09/2006 10:23:31 - 2 maquina KRONOS-GS-05 e KRONOS-GS-02
14/09/2006 10:23:31 - 3 maquina KRONOS-GS-05 e KRONOS-GS-05
14/09/2006 10:23:31 - 1 maquina KRONOS-GS-03 e KRONOS-GS-03
14/09/2006 10:23:31 - 2 maquina KRONOS-GS-03 e KRONOS-GS-03
14/09/2006 10:23:31 - 3 maquina KRONOS-GS-03 e KRONOS-GS-03
14/09/2006 10:23:51 - verificando maquinas...
14/09/2006 10:23:51 - 1 maquina KRONOS-GS-05 e KRONOS-GS-02
14/09/2006 10:23:51 - 2 maquina KRONOS-GS-05 e KRONOS-GS-02
14/09/2006 10:23:51 - 3 maquina KRONOS-GS-05 e KRONOS-GS-05
14/09/2006 10:23:51 - 1 maquina KRONOS-GS-03 e KRONOS-GS-03
14/09/2006 10:23:51 - 2 maquina KRONOS-GS-03 e KRONOS-GS-03
14/09/2006 10:23:51 - 3 maquina KRONOS-GS-03 e KRONOS-GS-03
14/09/2006 10:24:07 - Procurando evelyn ...
14/09/2006 10:24:07 - Usu?rio evelyn n?o encontrado realizando um novo cadastro.
14/09/2006 10:24:11 - verificando maquinas...
14/09/2006 10:24:11 - 1 maquina KRONOS-GS-05 e KRONOS-GS-02
14/09/2006 10:24:11 - 2 maquina KRONOS-GS-05 e KRONOS-GS-02
14/09/2006 10:24:11 - 3 maquina KRONOS-GS-05 e KRONOS-GS-05
14/09/2006 10:24:11 - 1 maquina KRONOS-GS-03 e KRONOS-GS-03
14/09/2006 10:24:11 - 2 maquina KRONOS-GS-03 e KRONOS-GS-03
14/09/2006 10:24:11 - 3 maquina KRONOS-GS-03 e KRONOS-GS-03
14/09/2006 15:28:28 - Iniciando a aplica??o...
14/09/2006 15:28:29 - Verificando se o servidor est? ativo...
14/09/2006 15:28:29 - Servidor ativo iniciando programa...
14/09/2006 15:28:29 - Verificando se o banco de dados est? ativo...
14/09/2006 15:28:32 - Conex?o com banco de dados realizada com sucesso... o programa est? ativo...
14/09/2006 15:28:52 - verificando maquinas...
14/09/2006 15:28:52 - 1 maquina KRONOS-GS-05 e KRONOS-GS-02
14/09/2006 15:28:52 - 2 maquina KRONOS-GS-05 e KRONOS-GS-02
14/09/2006 15:28:52 - 3 maquina KRONOS-GS-05 e KRONOS-GS-05
14/09/2006 15:28:52 - 1 maquina KRONOS-GS-03 e KRONOS-GS-03
14/09/2006 15:28:52 - 2 maquina KRONOS-GS-03 e KRONOS-GS-03
14/09/2006 15:28:52 - 3 maquina KRONOS-GS-03 e KRONOS-GS-03
14/09/2006 15:32:33 - Iniciando a aplica??o...
14/09/2006 15:32:33 - Verificando se o servidor est? ativo...
14/09/2006 15:32:33 - Servidor ativo iniciando programa...
14/09/2006 15:32:33 - Verificando se o banco de dados est? ativo...
14/09/2006 15:32:34 - Conex?o com banco de dados realizada com sucesso... o programa est? ativo...
14/09/2006 15:32:55 - verificando maquinas...
14/09/2006 15:32:55 - 1 maquina KRONOS-GS-05 e KRONOS-GS-02
14/09/2006 15:32:55 - 2 maquina KRONOS-GS-05 e KRONOS-GS-02
14/09/2006 15:32:55 - 3 maquina KRONOS-GS-05 e KRONOS-GS-05
14/09/2006 15:32:55 - 1 maquina KRONOS-GS-03 e KRONOS-GS-03
14/09/2006 15:32:55 - 2 maquina KRONOS-GS-03 e KRONOS-GS-03
14/09/2006 15:32:55 - 3 maquina KRONOS-GS-03 e KRONOS-GS-03
14/09/2006 15:35:20 - Iniciando a aplica??o...
14/09/2006 15:35:20 - Verificando se o servidor est? ativo...
14/09/2006 15:35:21 - Servidor ativo iniciando programa...
14/09/2006 15:35:21 - Verificando se o banco de dados est? ativo...
14/09/2006 15:35:22 - Conex?o com banco de dados realizada com sucesso... o programa est? ativo...
14/09/2006 15:35:42 - verificando maquinas...
14/09/2006 15:35:42 - 1 maquina KRONOS-GS-05 e KRONOS-GS-02
14/09/2006 15:35:42 - 2 maquina KRONOS-GS-05 e KRONOS-GS-02
14/09/2006 15:35:42 - 3 maquina KRONOS-GS-05 e KRONOS-GS-05
14/09/2006 15:35:42 - 1 maquina KRONOS-GS-03 e KRONOS-GS-03
14/09/2006 15:35:42 - 2 maquina KRONOS-GS-03 e KRONOS-GS-03
14/09/2006 15:35:42 - 3 maquina KRONOS-GS-03 e KRONOS-GS-03
14/09/2006 16:00:46 - Iniciando a aplica??o...
14/09/2006 16:00:47 - Verificando se o servidor est? ativo...
14/09/2006 16:00:47 - Servidor ativo iniciando programa...
14/09/2006 16:00:47 - Verificando se o banco de dados est? ativo...
14/09/2006 16:00:47 - Conex?o com banco de dados realizada com sucesso... o programa est? ativo...
14/09/2006 16:01:08 - verificando maquinas...
14/09/2006 16:01:08 - 1 maquina KRONOS-GS-05 e KRONOS-GS-02
14/09/2006 16:01:08 - 2 maquina KRONOS-GS-05 e KRONOS-GS-02
14/09/2006 16:01:08 - 3 maquina KRONOS-GS-05 e KRONOS-GS-05
14/09/2006 16:01:08 - 1 maquina KRONOS-GS-03 e KRONOS-GS-03
14/09/2006 16:01:08 - 2 maquina KRONOS-GS-03 e KRONOS-GS-03
14/09/2006 16:01:08 - 3 maquina KRONOS-GS-03 e KRONOS-GS-03
14/09/2006 16:01:28 - verificando maquinas...
14/09/2006 16:01:28 - 1 maquina KRONOS-GS-05 e KRONOS-GS-02
14/09/2006 16:01:28 - 2 maquina KRONOS-GS-05 e KRONOS-GS-02
14/09/2006 16:01:28 - 3 maquina KRONOS-GS-05 e KRONOS-GS-05
14/09/2006 16:01:28 - 1 maquina KRONOS-GS-03 e KRONOS-GS-03
14/09/2006 16:01:28 - 2 maquina KRONOS-GS-03 e KRONOS-GS-03
14/09/2006 16:01:28 - 3 maquina KRONOS-GS-03 e KRONOS-GS-03
14/09/2006 16:02:14 - Iniciando a aplica??o...
14/09/2006 16:02:14 - Verificando se o servidor est? ativo...
14/09/2006 16:02:14 - Servidor ativo iniciando programa...
14/09/2006 16:02:14 - Verificando se o banco de dados est? ativo...
14/09/2006 16:02:14 - Conex?o com banco de dados realizada com sucesso... o programa est? ativo...
14/09/2006 16:02:34 - verificando maquinas...
14/09/2006 16:02:34 - 1 maquina KRONOS-GS-05 e KRONOS-GS-02
14/09/2006 16:02:34 - 2 maquina KRONOS-GS-05 e KRONOS-GS-02
14/09/2006 16:02:34 - 3 maquina KRONOS-GS-05 e KRONOS-GS-05
14/09/2006 16:02:34 - 1 maquina KRONOS-GS-03 e KRONOS-GS-03
14/09/2006 16:02:34 - 2 maquina KRONOS-GS-03 e KRONOS-GS-03
14/09/2006 16:02:34 - 3 maquina KRONOS-GS-03 e KRONOS-GS-03
14/09/2006 16:02:54 - verificando maquinas...
14/09/2006 16:02:54 - 1 maquina KRONOS-GS-05 e KRONOS-GS-02
14/09/2006 16:02:54 - 2 maquina KRONOS-GS-05 e KRONOS-GS-02
14/09/2006 16:02:54 - 3 maquina KRONOS-GS-05 e KRONOS-GS-05
14/09/2006 16:02:54 - 1 maquina KRONOS-GS-03 e KRONOS-GS-03
14/09/2006 16:02:54 - 2 maquina KRONOS-GS-03 e KRONOS-GS-03
14/09/2006 16:02:54 - 3 maquina KRONOS-GS-03 e KRONOS-GS-03
14/09/2006 16:30:16 - Iniciando a aplica??o...
14/09/2006 16:30:17 - Verificando se o servidor est? ativo...
14/09/2006 16:30:17 - Servidor ativo iniciando programa...
14/09/2006 16:30:17 - Verificando se o banco de dados est? ativo...
14/09/2006 16:30:17 - Conex?o com banco de dados realizada com sucesso... o programa est? ativo...
14/09/2006 16:30:37 - verificando maquinas...
14/09/2006 16:30:37 - 1 maquina KRONOS-GS-05 e KRONOS-GS-02
14/09/2006 16:30:37 - 2 maquina KRONOS-GS-05 e KRONOS-GS-02
14/09/2006 16:30:37 - 3 maquina KRONOS-GS-05 e KRONOS-GS-05
14/09/2006 16:30:37 - 1 maquina KRONOS-GS-03 e KRONOS-GS-03
14/09/2006 16:30:37 - 2 maquina KRONOS-GS-03 e KRONOS-GS-03
14/09/2006 16:30:37 - 3 maquina KRONOS-GS-03 e KRONOS-GS-03
14/09/2006 16:30:57 - verificando maquinas...
14/09/2006 16:30:57 - 1 maquina KRONOS-GS-05 e KRONOS-GS-02
14/09/2006 16:30:57 - 2 maquina KRONOS-GS-05 e KRONOS-GS-02
14/09/2006 16:30:57 - 3 maquina KRONOS-GS-05 e KRONOS-GS-05
14/09/2006 16:30:57 - 1 maquina KRONOS-GS-03 e KRONOS-GS-03
14/09/2006 16:30:57 - 2 maquina KRONOS-GS-03 e KRONOS-GS-03
14/09/2006 16:30:57 - 3 maquina KRONOS-GS-03 e KRONOS-GS-03
14/09/2006 16:31:17 - verificando maquinas...
14/09/2006 16:31:17 - 1 maquina KRONOS-GS-05 e KRONOS-GS-02
14/09/2006 16:31:17 - 2 maquina KRONOS-GS-05 e KRONOS-GS-02
14/09/2006 16:31:17 - 3 maquina KRONOS-GS-05 e KRONOS-GS-05
14/09/2006 16:31:17 - 1 maquina KRONOS-GS-03 e KRONOS-GS-03
14/09/2006 16:31:17 - 2 maquina KRONOS-GS-03 e KRONOS-GS-03
14/09/2006 16:31:17 - 3 maquina KRONOS-GS-03 e KRONOS-GS-03
14/09/2006 17:24:37 - Iniciando a aplica??o...
14/09/2006 17:24:37 - Verificando se o servidor est? ativo...
14/09/2006 17:24:38 - Servidor ativo iniciando programa...
14/09/2006 17:24:38 - Verificando se o banco de dados est? ativo...
14/09/2006 17:24:39 - Conex?o com banco de dados realizada com sucesso... o programa est? ativo...
14/09/2006 17:24:59 - verificando maquinas...
14/09/2006 17:24:59 - 1 maquina KRONOS-GS-05 e KRONOS-GS-02
14/09/2006 17:24:59 - 2 maquina KRONOS-GS-05 e KRONOS-GS-02
14/09/2006 17:24:59 - 3 maquina KRONOS-GS-05 e KRONOS-GS-05
14/09/2006 17:24:59 - 1 maquina KRONOS-GS-03 e KRONOS-GS-03
14/09/2006 17:24:59 - 2 maquina KRONOS-GS-03 e KRONOS-GS-03
14/09/2006 17:24:59 - 3 maquina KRONOS-GS-03 e KRONOS-GS-03
14/09/2006 17:28:18 - Iniciando a aplica??o...
14/09/2006 17:28:18 - Verificando se o servidor est? ativo...
14/09/2006 17:28:19 - Servidor ativo iniciando programa...
14/09/2006 17:28:19 - Verificando se o banco de dados est? ativo...
14/09/2006 17:28:19 - Conex?o com banco de dados realizada com sucesso... o programa est? ativo...
14/09/2006 17:28:39 - 3 maquina KRONOS-GS-05 e KRONOS-GS-05
14/09/2006 17:28:39 - 3 maquina KRONOS-GS-03 e KRONOS-GS-03
14/09/2006 17:30:09 - Iniciando a aplica??o...
14/09/2006 17:30:09 - Verificando se o servidor est? ativo...
14/09/2006 17:30:09 - Servidor ativo iniciando programa...
14/09/2006 17:30:09 - Verificando se o banco de dados est? ativo...
14/09/2006 17:30:09 - Conex?o com banco de dados realizada com sucesso... o programa est? ativo...
14/09/2006 17:30:29 - 3 maquina KRONOS-GS-05 e KRONOS-GS-05
14/09/2006 17:30:29 - 3 maquina KRONOS-GS-03 e KRONOS-GS-03
14/09/2006 17:30:49 - 3 maquina KRONOS-GS-05 e KRONOS-GS-05
14/09/2006 17:30:49 - 3 maquina KRONOS-GS-03 e KRONOS-GS-03
14/09/2006 17:31:09 - 3 maquina KRONOS-GS-05 e KRONOS-GS-05
14/09/2006 17:31:09 - 3 maquina KRONOS-GS-03 e KRONOS-GS-03
14/09/2006 17:31:29 - 3 maquina KRONOS-GS-05 e KRONOS-GS-05
14/09/2006 17:31:29 - 3 maquina KRONOS-GS-03 e KRONOS-GS-03
14/09/2006 17:31:49 - 3 maquina KRONOS-GS-05 e KRONOS-GS-05
14/09/2006 17:31:49 - 3 maquina KRONOS-GS-03 e KRONOS-GS-03
14/09/2006 17:32:09 - 3 maquina KRONOS-GS-05 e KRONOS-GS-05
14/09/2006 17:32:30 - 3 maquina KRONOS-GS-05 e KRONOS-GS-05
14/09/2006 17:35:23 - Iniciando a aplica??o...
14/09/2006 17:35:23 - Verificando se o servidor est? ativo...
14/09/2006 17:35:23 - Servidor ativo iniciando programa...
14/09/2006 17:35:23 - Verificando se o banco de dados est? ativo...
14/09/2006 17:35:23 - Conex?o com banco de dados realizada com sucesso... o programa est? ativo...
14/09/2006 17:38:53 - Iniciando a aplica??o...
14/09/2006 17:38:53 - Verificando se o servidor est? ativo...
14/09/2006 17:38:53 - Servidor ativo iniciando programa...
14/09/2006 17:38:53 - Verificando se o banco de dados est? ativo...
14/09/2006 17:38:54 - Conex?o com banco de dados realizada com sucesso... o programa est? ativo...
14/09/2006 17:41:36 - Iniciando a aplica??o...
14/09/2006 17:41:36 - Verificando se o servidor est? ativo...
14/09/2006 17:41:36 - Servidor ativo iniciando programa...
14/09/2006 17:41:36 - Verificando se o banco de dados est? ativo...
14/09/2006 17:41:36 - Conex?o com banco de dados realizada com sucesso... o programa est? ativo...
14/09/2006 17:42:32 - Iniciando a aplica??o...
14/09/2006 17:42:32 - Verificando se o servidor est? ativo...
14/09/2006 17:42:32 - Servidor ativo iniciando programa...
14/09/2006 17:42:32 - Verificando se o banco de dados est? ativo...
14/09/2006 17:42:32 - Conex?o com banco de dados realizada com sucesso... o programa est? ativo...
14/09/2006 17:43:09 - Iniciando a aplica??o...
14/09/2006 17:43:09 - Verificando se o servidor est? ativo...
14/09/2006 17:43:09 - Servidor ativo iniciando programa...
14/09/2006 17:43:09 - Verificando se o banco de dados est? ativo...
14/09/2006 17:43:09 - Conex?o com banco de dados realizada com sucesso... o programa est? ativo...
14/09/2006 17:47:28 - Iniciando a aplica??o...
14/09/2006 17:47:28 - Verificando se o servidor est? ativo...
14/09/2006 17:47:28 - Servidor ativo iniciando programa...
14/09/2006 17:47:28 - Verificando se o banco de dados est? ativo...
14/09/2006 17:47:28 - Conex?o com banco de dados realizada com sucesso... o programa est? ativo...
14/09/2006 17:50:24 - Iniciando a aplica??o...
14/09/2006 17:50:24 - Verificando se o servidor est? ativo...
14/09/2006 17:50:24 - Servidor ativo iniciando programa...
14/09/2006 17:50:24 - Verificando se o banco de dados est? ativo...
14/09/2006 17:50:25 - Conex?o com banco de dados realizada com sucesso... o programa est? ativo...
14/09/2006 17:51:02 - Iniciando a aplica??o...
14/09/2006 17:51:02 - Verificando se o servidor est? ativo...
14/09/2006 17:51:02 - Servidor ativo iniciando programa...
14/09/2006 17:51:02 - Verificando se o banco de dados est? ativo...
14/09/2006 17:51:03 - Conex?o com banco de dados realizada com sucesso... o programa est? ativo...
14/09/2006 18:41:50 - Iniciando a aplica??o...
14/09/2006 18:41:50 - Verificando se o servidor est? ativo...
14/09/2006 18:41:51 - Servidor ativo iniciando programa...
14/09/2006 18:41:51 - Verificando se o banco de dados est? ativo...
14/09/2006 18:41:52 - Conex?o com banco de dados realizada com sucesso... o programa est? ativo...
14/09/2006 18:43:09 - Iniciando a aplica??o...
14/09/2006 18:43:09 - Verificando se o servidor est? ativo...
14/09/2006 18:43:09 - Servidor ativo iniciando programa...
14/09/2006 18:43:09 - Verificando se o banco de dados est? ativo...
14/09/2006 18:43:09 - Conex?o com banco de dados realizada com sucesso... o programa est? ativo...
14/09/2006 18:43:59 - Iniciando a aplica??o...
14/09/2006 18:43:59 - Verificando se o servidor est? ativo...
14/09/2006 18:43:59 - Servidor ativo iniciando programa...
14/09/2006 18:43:59 - Verificando se o banco de dados est? ativo...
14/09/2006 18:43:59 - Conex?o com banco de dados realizada com sucesso... o programa est? ativo...
14/09/2006 18:44:42 - Iniciando a aplica??o...
14/09/2006 18:44:42 - Verificando se o servidor est? ativo...
14/09/2006 18:44:42 - Servidor ativo iniciando programa...
14/09/2006 18:44:42 - Verificando se o banco de dados est? ativo...
14/09/2006 18:44:42 - Conex?o com banco de dados realizada com sucesso... o programa est? ativo...
14/09/2006 18:44:50 - Procurando evelyn ...
14/09/2006 18:44:50 - Usu?rio evelyn n?o encontrado realizando um novo cadastro.
14/09/2006 18:45:07 - Procurando evelyn ...
14/09/2006 18:45:07 - Usu?rio evelyn encontrado...
14/09/2006 18:48:04 - Iniciando a aplica??o...
14/09/2006 18:48:04 - Verificando se o servidor est? ativo...
14/09/2006 18:48:04 - Servidor ativo iniciando programa...
14/09/2006 18:48:04 - Verificando se o banco de dados est? ativo...
14/09/2006 18:48:04 - Conex?o com banco de dados realizada com sucesso... o programa est? ativo...
14/09/2006 18:48:45 - Iniciando a aplica??o...
14/09/2006 18:48:45 - Verificando se o servidor est? ativo...
14/09/2006 18:48:45 - Servidor ativo iniciando programa...
14/09/2006 18:48:45 - Verificando se o banco de dados est? ativo...
14/09/2006 18:48:45 - Conex?o com banco de dados realizada com sucesso... o programa est? ativo...
14/09/2006 18:52:52 - Iniciando a aplica??o...
14/09/2006 18:52:52 - Verificando se o servidor est? ativo...
14/09/2006 18:52:52 - Servidor ativo iniciando programa...
14/09/2006 18:52:52 - Verificando se o banco de dados est? ativo...
14/09/2006 18:52:52 - Conex?o com banco de dados realizada com sucesso... o programa est? ativo...
14/09/2006 18:53:53 - Iniciando a aplica??o...
14/09/2006 18:53:53 - Verificando se o servidor est? ativo...
14/09/2006 18:53:53 - Servidor ativo iniciando programa...
14/09/2006 18:53:53 - Verificando se o banco de dados est? ativo...
14/09/2006 18:53:54 - Conex?o com banco de dados realizada com sucesso... o programa est? ativo...
14/09/2006 18:54:50 - Iniciando a aplica??o...
14/09/2006 18:54:50 - Verificando se o servidor est? ativo...
14/09/2006 18:54:50 - Servidor ativo iniciando programa...
14/09/2006 18:54:50 - Verificando se o banco de dados est? ativo...
14/09/2006 18:54:51 - Conex?o com banco de dados realizada com sucesso... o programa est? ativo...
14/09/2006 18:56:18 - Iniciando a aplica??o...
14/09/2006 18:56:18 - Verificando se o servidor est? ativo...
14/09/2006 18:56:19 - Servidor ativo iniciando programa...
14/09/2006 18:56:19 - Verificando se o banco de dados est? ativo...
14/09/2006 18:56:19 - Conex?o com banco de dados realizada com sucesso... o programa est? ativo...
14/09/2006 18:57:05 - Iniciando a aplica??o...
14/09/2006 18:57:05 - Verificando se o servidor est? ativo...
14/09/2006 18:57:05 - Servidor ativo iniciando programa...
14/09/2006 18:57:05 - Verificando se o banco de dados est? ativo...
14/09/2006 18:57:05 - Conex?o com banco de dados realizada com sucesso... o programa est? ativo...
14/09/2006 18:58:30 - Iniciando a aplica??o...
14/09/2006 18:58:30 - Verificando se o servidor est? ativo...
14/09/2006 18:58:30 - Servidor ativo iniciando programa...
14/09/2006 18:58:30 - Verificando se o banco de dados est? ativo...
14/09/2006 18:58:30 - Conex?o com banco de dados realizada com sucesso... o programa est? ativo...
14/09/2006 18:59:41 - Iniciando a aplica??o...
14/09/2006 18:59:41 - Verificando se o servidor est? ativo...
14/09/2006 18:59:41 - Servidor ativo iniciando programa...
14/09/2006 18:59:41 - Verificando se o banco de dados est? ativo...
14/09/2006 18:59:42 - Conex?o com banco de dados realizada com sucesso... o programa est? ativo...
14/09/2006 19:00:02 - Procurando neo ...
14/09/2006 19:00:02 - Usu?rio neo encontrado...
14/09/2006 19:01:13 - Iniciando a aplica??o...
14/09/2006 19:01:14 - Verificando se o servidor est? ativo...
14/09/2006 19:01:14 - Servidor ativo iniciando programa...
14/09/2006 19:01:14 - Verificando se o banco de dados est? ativo...
14/09/2006 19:01:14 - Conex?o com banco de dados realizada com sucesso... o programa est? ativo...
14/09/2006 19:58:06 - Iniciando a aplica??o...
14/09/2006 19:58:06 - Verificando se o servidor est? ativo...
14/09/2006 19:58:06 - Servidor ativo iniciando programa...
14/09/2006 19:58:06 - Verificando se o banco de dados est? ativo...
14/09/2006 19:58:07 - Conex?o com banco de dados realizada com sucesso... o programa est? ativo...
14/09/2006 19:58:16 - Procurando neo ...
14/09/2006 19:58:16 - Usu?rio neo encontrado...
14/09/2006 20:19:28 - Iniciando a aplica??o...
14/09/2006 20:19:29 - Verificando se o servidor est? ativo...
14/09/2006 20:19:29 - Servidor ativo iniciando programa...
14/09/2006 20:19:29 - Verificando se o banco de dados est? ativo...
14/09/2006 20:19:30 - Conex?o com banco de dados realizada com sucesso... o programa est? ativo...
14/09/2006 20:20:09 - Iniciando a aplica??o...
14/09/2006 20:20:09 - Verificando se o servidor est? ativo...
14/09/2006 20:20:09 - Servidor ativo iniciando programa...
14/09/2006 20:20:09 - Verificando se o banco de dados est? ativo...
14/09/2006 20:20:09 - Conex?o com banco de dados realizada com sucesso... o programa est? ativo...
14/09/2006 20:21:35 - Iniciando a aplica??o...
14/09/2006 20:21:35 - Verificando se o servidor est? ativo...
14/09/2006 20:21:35 - Servidor ativo iniciando programa...
14/09/2006 20:21:35 - Verificando se o banco de dados est? ativo...
14/09/2006 20:21:36 - Conex?o com banco de dados realizada com sucesso... o programa est? ativo...
14/09/2006 20:22:11 - Iniciando a aplica??o...
14/09/2006 20:22:11 - Verificando se o servidor est? ativo...
14/09/2006 20:22:11 - Servidor ativo iniciando programa...
14/09/2006 20:22:11 - Verificando se o banco de dados est? ativo...
14/09/2006 20:22:11 - Conex?o com banco de dados realizada com sucesso... o programa est? ativo...
14/09/2006 20:23:02 - Iniciando a aplica??o...
14/09/2006 20:23:02 - Verificando se o servidor est? ativo...
14/09/2006 20:23:02 - Servidor ativo iniciando programa...
14/09/2006 20:23:02 - Verificando se o banco de dados est? ativo...
14/09/2006 20:23:03 - Conex?o com banco de dados realizada com sucesso... o programa est? ativo...
14/09/2006 20:24:49 - Iniciando a aplica??o...
14/09/2006 20:24:49 - Verificando se o servidor est? ativo...
14/09/2006 20:24:49 - Servidor ativo iniciando programa...
14/09/2006 20:24:49 - Verificando se o banco de dados est? ativo...
14/09/2006 20:24:49 - Conex?o com banco de dados realizada com sucesso... o programa est? ativo...
14/09/2006 20:25:21 - Iniciando a aplica??o...
14/09/2006 20:25:21 - Verificando se o servidor est? ativo...
14/09/2006 20:25:21 - Servidor ativo iniciando programa...
14/09/2006 20:25:21 - Verificando se o banco de dados est? ativo...
14/09/2006 20:25:21 - Conex?o com banco de dados realizada com sucesso... o programa est? ativo...
14/09/2006 20:28:07 - Iniciando a aplica??o...
14/09/2006 20:28:07 - Verificando se o servidor est? ativo...
14/09/2006 20:28:07 - Servidor ativo iniciando programa...
14/09/2006 20:28:07 - Verificando se o banco de dados est? ativo...
14/09/2006 20:28:07 - Conex?o com banco de dados realizada com sucesso... o programa est? ativo...
14/09/2006 20:28:51 - Iniciando a aplica??o...
14/09/2006 20:28:51 - Verificando se o servidor est? ativo...
14/09/2006 20:28:52 - Servidor ativo iniciando programa...
14/09/2006 20:28:52 - Verificando se o banco de dados est? ativo...
14/09/2006 20:28:55 - Conex?o com banco de dados realizada com sucesso... o programa est? ativo...
14/09/2006 20:30:18 - Iniciando a aplica??o...
14/09/2006 20:30:18 - Verificando se o servidor est? ativo...
14/09/2006 20:30:18 - Servidor ativo iniciando programa...
14/09/2006 20:30:18 - Verificando se o banco de dados est? ativo...
14/09/2006 20:30:18 - Conex?o com banco de dados realizada com sucesso... o programa est? ativo...
14/09/2006 20:31:42 - Iniciando a aplica??o...
14/09/2006 20:31:42 - Verificando se o servidor est? ativo...
14/09/2006 20:31:42 - Servidor ativo iniciando programa...
14/09/2006 20:31:42 - Verificando se o banco de dados est? ativo...
14/09/2006 20:31:42 - Conex?o com banco de dados realizada com sucesso... o programa est? ativo...
14/09/2006 20:34:52 - Iniciando a aplica??o...
14/09/2006 20:34:52 - Verificando se o servidor est? ativo...
14/09/2006 20:34:52 - Servidor ativo iniciando programa...
14/09/2006 20:34:52 - Verificando se o banco de dados est? ativo...
14/09/2006 20:34:52 - Conex?o com banco de dados realizada com sucesso... o programa est? ativo...
14/09/2006 20:51:15 - Iniciando a aplica??o...
14/09/2006 20:51:16 - Verificando se o servidor est? ativo...
14/09/2006 20:51:16 - Servidor ativo iniciando programa...
14/09/2006 20:51:16 - Verificando se o banco de dados est? ativo...
14/09/2006 20:51:17 - Conex?o com banco de dados realizada com sucesso... o programa est? ativo...
14/09/2006 20:51:56 - Iniciando a aplica??o...
14/09/2006 20:51:56 - Verificando se o servidor est? ativo...
14/09/2006 20:51:56 - Servidor ativo iniciando programa...
14/09/2006 20:51:56 - Verificando se o banco de dados est? ativo...
14/09/2006 20:51:56 - Conex?o com banco de dados realizada com sucesso... o programa est? ativo...
14/09/2006 20:52:46 - Iniciando a aplica??o...
14/09/2006 20:52:46 - Verificando se o servidor est? ativo...
14/09/2006 20:52:46 - Servidor ativo iniciando programa...
14/09/2006 20:52:46 - Verificando se o banco de dados est? ativo...
14/09/2006 20:52:46 - Conex?o com banco de dados realizada com sucesso... o programa est? ativo...
14/09/2006 20:56:16 - Iniciando a aplica??o...
14/09/2006 20:56:16 - Verificando se o servidor est? ativo...
14/09/2006 20:56:16 - Servidor ativo iniciando programa...
14/09/2006 20:56:16 - Verificando se o banco de dados est? ativo...
14/09/2006 20:56:16 - Conex?o com banco de dados realizada com sucesso... o programa est? ativo...
14/09/2006 20:58:45 - Iniciando a aplica??o...
14/09/2006 20:58:45 - Verificando se o servidor est? ativo...
14/09/2006 20:58:45 - Servidor ativo iniciando programa...
14/09/2006 20:58:45 - Verificando se o banco de dados est? ativo...
14/09/2006 20:58:45 - Conex?o com banco de dados realizada com sucesso... o programa est? ativo...
14/09/2006 21:11:53 - Iniciando a aplica??o...
14/09/2006 21:11:53 - Verificando se o servidor est? ativo...
14/09/2006 21:11:54 - Servidor ativo iniciando programa...
14/09/2006 21:11:54 - Verificando se o banco de dados est? ativo...
14/09/2006 21:11:54 - Conex?o com banco de dados realizada com sucesso... o programa est? ativo...
14/09/2006 21:16:41 - Iniciando a aplica??o...
14/09/2006 21:16:42 - Verificando se o servidor est? ativo...
14/09/2006 21:16:42 - Servidor ativo iniciando programa...
14/09/2006 21:16:42 - Verificando se o banco de dados est? ativo...
14/09/2006 21:16:42 - Conex?o com banco de dados realizada com sucesso... o programa est? ativo...
14/09/2006 21:17:47 - Iniciando a aplica??o...
14/09/2006 21:17:47 - Verificando se o servidor est? ativo...
14/09/2006 21:17:47 - Servidor ativo iniciando programa...
14/09/2006 21:17:47 - Verificando se o banco de dados est? ativo...
14/09/2006 21:17:47 - Conex?o com banco de dados realizada com sucesso... o programa est? ativo...
14/09/2006 21:17:52 - KRONOS-GS-05
14/09/2006 21:17:52 - KRONOS-GS-05
14/09/2006 21:17:52 - KRONOS-GS-05
14/09/2006 21:17:52 - KRONOS-GS-05
14/09/2006 21:17:52 - KRONOS-GS-05
14/09/2006 21:17:52 - KRONOS-GS-02
14/09/2006 21:17:52 - KRONOS-GS-02
14/09/2006 21:17:52 - KRONOS-GS-02
14/09/2006 21:17:52 - KRONOS-GS-02
14/09/2006 21:17:52 - KRONOS-GS-02
14/09/2006 21:17:57 - KRONOS-GS-05
14/09/2006 21:17:57 - KRONOS-GS-05
14/09/2006 21:17:57 - KRONOS-GS-05
14/09/2006 21:17:57 - KRONOS-GS-05
14/09/2006 21:17:57 - KRONOS-GS-05
14/09/2006 21:17:57 - KRONOS-GS-02
14/09/2006 21:17:57 - KRONOS-GS-02
14/09/2006 21:17:57 - KRONOS-GS-02
14/09/2006 21:17:57 - KRONOS-GS-02
14/09/2006 21:17:57 - KRONOS-GS-02
14/09/2006 21:18:02 - KRONOS-GS-05
14/09/2006 21:18:02 - KRONOS-GS-05
14/09/2006 21:18:02 - KRONOS-GS-05
14/09/2006 21:18:02 - KRONOS-GS-05
14/09/2006 21:18:02 - KRONOS-GS-05
14/09/2006 21:18:02 - KRONOS-GS-02
14/09/2006 21:18:02 - KRONOS-GS-02
14/09/2006 21:18:02 - KRONOS-GS-02
14/09/2006 21:18:02 - KRONOS-GS-02
14/09/2006 21:18:02 - KRONOS-GS-02
14/09/2006 21:22:57 - Iniciando a aplica??o...
14/09/2006 21:22:57 - Verificando se o servidor est? ativo...
14/09/2006 21:22:57 - Servidor ativo iniciando programa...
14/09/2006 21:22:57 - Verificando se o banco de dados est? ativo...
14/09/2006 21:22:57 - Conex?o com banco de dados realizada com sucesso... o programa est? ativo...
14/09/2006 21:25:26 - Iniciando a aplica??o...
14/09/2006 21:25:27 - Verificando se o servidor est? ativo...
14/09/2006 21:25:27 - Servidor ativo iniciando programa...
14/09/2006 21:25:27 - Verificando se o banco de dados est? ativo...
14/09/2006 21:25:28 - Conex?o com banco de dados realizada com sucesso... o programa est? ativo...
14/09/2006 21:29:03 - Iniciando a aplica??o...
14/09/2006 21:29:03 - Verificando se o servidor est? ativo...
14/09/2006 21:29:04 - Servidor ativo iniciando programa...
14/09/2006 21:29:04 - Verificando se o banco de dados est? ativo...
14/09/2006 21:29:05 - Conex?o com banco de dados realizada com sucesso... o programa est? ativo...
14/09/2006 21:29:54 - Iniciando a aplica??o...
14/09/2006 21:29:54 - Verificando se o servidor est? ativo...
14/09/2006 21:29:54 - Servidor ativo iniciando programa...
14/09/2006 21:29:54 - Verificando se o banco de dados est? ativo...
14/09/2006 21:29:54 - Conex?o com banco de dados realizada com sucesso... o programa est? ativo...
14/09/2006 21:30:49 - Iniciando a aplica??o...
14/09/2006 21:30:49 - Verificando se o servidor est? ativo...
14/09/2006 21:30:50 - Servidor ativo iniciando programa...
14/09/2006 21:30:50 - Verificando se o banco de dados est? ativo...
14/09/2006 21:30:50 - Conex?o com banco de dados realizada com sucesso... o programa est? ativo...
14/09/2006 21:32:14 - Iniciando a aplica??o...
14/09/2006 21:32:14 - Verificando se o servidor est? ativo...
14/09/2006 21:32:14 - Servidor ativo iniciando programa...
14/09/2006 21:32:14 - Verificando se o banco de dados est? ativo...
14/09/2006 21:32:14 - Conex?o com banco de dados realizada com sucesso... o programa est? ativo...
14/09/2006 21:34:08 - Iniciando a aplica??o...
14/09/2006 21:34:08 - Verificando se o servidor est? ativo...
14/09/2006 21:34:08 - Servidor ativo iniciando programa...
14/09/2006 21:34:08 - Verificando se o banco de dados est? ativo...
14/09/2006 21:34:09 - Conex?o com banco de dados realizada com sucesso... o programa est? ativo...
14/09/2006 21:36:40 - Iniciando a aplica??o...
14/09/2006 21:36:40 - Verificando se o servidor est? ativo...
14/09/2006 21:36:40 - Servidor ativo iniciando programa...
14/09/2006 21:36:40 - Verificando se o banco de dados est? ativo...
14/09/2006 21:36:40 - Conex?o com banco de dados realizada com sucesso... o programa est? ativo...
14/09/2006 21:37:32 - Iniciando a aplica??o...
14/09/2006 21:37:32 - Verificando se o servidor est? ativo...
14/09/2006 21:37:32 - Servidor ativo iniciando programa...
14/09/2006 21:37:32 - Verificando se o banco de dados est? ativo...
14/09/2006 21:37:32 - Conex?o com banco de dados realizada com sucesso... o programa est? ativo...
14/09/2006 21:42:49 - Iniciando a aplica??o...
14/09/2006 21:42:49 - Verificando se o servidor est? ativo...
14/09/2006 21:42:50 - Servidor ativo iniciando programa...
14/09/2006 21:42:50 - Verificando se o banco de dados est? ativo...
14/09/2006 21:42:50 - Conex?o com banco de dados realizada com sucesso... o programa est? ativo...
14/09/2006 21:45:38 - Iniciando a aplica??o...
14/09/2006 21:45:38 - Verificando se o servidor est? ativo...
14/09/2006 21:45:38 - Servidor ativo iniciando programa...
14/09/2006 21:45:38 - Verificando se o banco de dados est? ativo...
14/09/2006 21:45:38 - Conex?o com banco de dados realizada com sucesso... o programa est? ativo...
14/09/2006 21:48:56 - Iniciando a aplica??o...
14/09/2006 21:48:56 - Verificando se o servidor est? ativo...
14/09/2006 21:48:57 - Servidor ativo iniciando programa...
14/09/2006 21:48:57 - Verificando se o banco de dados est? ativo...
14/09/2006 21:48:58 - Conex?o com banco de dados realizada com sucesso... o programa est? ativo...
14/09/2006 21:49:41 - Iniciando a aplica??o...
14/09/2006 21:49:41 - Verificando se o servidor est? ativo...
14/09/2006 21:49:41 - Servidor ativo iniciando programa...
14/09/2006 21:49:41 - Verificando se o banco de dados est? ativo...
14/09/2006 21:49:41 - Conex?o com banco de dados realizada com sucesso... o programa est? ativo...
14/09/2006 23:35:53 - Iniciando a aplica??o...
14/09/2006 23:35:54 - Verificando se o servidor est? ativo...
14/09/2006 23:35:54 - Servidor ativo iniciando programa...
14/09/2006 23:35:54 - Verificando se o banco de dados est? ativo...
14/09/2006 23:35:56 - Conex?o com banco de dados realizada com sucesso... o programa est? ativo...
14/09/2006 23:36:36 - Iniciando a aplica??o...
14/09/2006 23:36:36 - Verificando se o servidor est? ativo...
14/09/2006 23:36:36 - Servidor ativo iniciando programa...
14/09/2006 23:36:36 - Verificando se o banco de dados est? ativo...
14/09/2006 23:36:37 - Conex?o com banco de dados realizada com sucesso... o programa est? ativo...
14/09/2006 23:39:41 - Iniciando a aplica??o...
14/09/2006 23:39:41 - Verificando se o servidor est? ativo...
14/09/2006 23:39:41 - Servidor ativo iniciando programa...
14/09/2006 23:39:41 - Verificando se o banco de dados est? ativo...
14/09/2006 23:39:41 - Conex?o com banco de dados realizada com sucesso... o programa est? ativo...
14/09/2006 23:42:18 - Iniciando a aplica??o...
14/09/2006 23:42:19 - Verificando se o servidor est? ativo...
14/09/2006 23:42:19 - Servidor ativo iniciando programa...
14/09/2006 23:42:19 - Verificando se o banco de dados est? ativo...
14/09/2006 23:42:20 - Conex?o com banco de dados realizada com sucesso... o programa est? ativo...
14/09/2006 23:45:00 - Iniciando a aplica??o...
14/09/2006 23:45:00 - Verificando se o servidor est? ativo...
14/09/2006 23:45:00 - Servidor ativo iniciando programa...
14/09/2006 23:45:00 - Verificando se o banco de dados est? ativo...
14/09/2006 23:45:00 - Conex?o com banco de dados realizada com sucesso... o programa est? ativo...
14/09/2006 23:58:12 - Iniciando a aplica??o...
14/09/2006 23:58:12 - Verificando se o servidor est? ativo...
14/09/2006 23:58:13 - Servidor ativo iniciando programa...
14/09/2006 23:58:13 - Verificando se o banco de dados est? ativo...
14/09/2006 23:58:14 - Conex?o com banco de dados realizada com sucesso... o programa est? ativo...
15/09/2006 00:28:09 - Iniciando a aplica??o...
15/09/2006 00:28:11 - Verificando se o servidor est? ativo...
15/09/2006 00:28:13 - Servidor ativo iniciando programa...
15/09/2006 00:28:13 - Verificando se o banco de dados est? ativo...
15/09/2006 00:28:17 - Conex?o com banco de dados realizada com sucesso... o programa est? ativo...
17/09/2006 17:37:59 - Iniciando a aplica??o...
17/09/2006 17:37:59 - Verificando se o servidor est? ativo...
17/09/2006 17:38:00 - Servidor ativo iniciando programa...
17/09/2006 17:38:00 - Verificando se o banco de dados est? ativo...
17/09/2006 17:38:01 - Conex?o com banco de dados realizada com sucesso... o programa est? ativo...
17/09/2006 17:39:58 - Iniciando a aplica??o...
17/09/2006 17:39:58 - Verificando se o servidor est? ativo...
17/09/2006 17:39:58 - Servidor ativo iniciando programa...
17/09/2006 17:39:58 - Verificando se o banco de dados est? ativo...
17/09/2006 17:39:58 - Conex?o com banco de dados realizada com sucesso... o programa est? ativo...
17/09/2006 17:41:27 - Iniciando a aplica??o...
17/09/2006 17:41:27 - Verificando se o servidor est? ativo...
17/09/2006 17:41:27 - Servidor ativo iniciando programa...
17/09/2006 17:41:27 - Verificando se o banco de dados est? ativo...
17/09/2006 17:41:27 - Conex?o com banco de dados realizada com sucesso... o programa est? ativo...
17/09/2006 17:45:02 - Iniciando a aplica??o...
17/09/2006 17:45:02 - Verificando se o servidor est? ativo...
17/09/2006 17:45:02 - Servidor ativo iniciando programa...
17/09/2006 17:45:02 - Verificando se o banco de dados est? ativo...
17/09/2006 17:45:02 - Conex?o com banco de dados realizada com sucesso... o programa est? ativo...
17/09/2006 17:46:42 - Iniciando a aplica??o...
17/09/2006 17:46:42 - Verificando se o servidor est? ativo...
17/09/2006 17:46:42 - Servidor ativo iniciando programa...
17/09/2006 17:46:42 - Verificando se o banco de dados est? ativo...
17/09/2006 17:46:43 - Conex?o com banco de dados realizada com sucesso... o programa est? ativo...
17/09/2006 17:49:20 - Iniciando a aplica??o...
17/09/2006 17:49:20 - Verificando se o servidor est? ativo...
17/09/2006 17:49:20 - Servidor ativo iniciando programa...
17/09/2006 17:49:20 - Verificando se o banco de dados est? ativo...
17/09/2006 17:49:20 - Conex?o com banco de dados realizada com sucesso... o programa est? ativo...
17/09/2006 17:49:38 - Procurando neo ...
17/09/2006 17:49:38 - Usu?rio neo encontrado...
17/09/2006 17:49:51 - Procurando evelyn ...
17/09/2006 17:49:51 - Usu?rio evelyn encontrado...
17/09/2006 17:49:58 - Procurando cris ...
17/09/2006 17:49:58 - Usu?rio cris encontrado...
17/09/2006 17:53:14 - Iniciando a aplica??o...
17/09/2006 17:53:14 - Verificando se o servidor est? ativo...
17/09/2006 17:53:14 - Servidor ativo iniciando programa...
17/09/2006 17:53:14 - Verificando se o banco de dados est? ativo...
17/09/2006 17:53:14 - Conex?o com banco de dados realizada com sucesso... o programa est? ativo...
17/09/2006 17:53:23 - Procurando neo ...
17/09/2006 17:53:23 - Usu?rio neo encontrado...
17/09/2006 18:13:59 - Iniciando a aplica??o...
17/09/2006 18:13:59 - Verificando se o servidor est? ativo...
17/09/2006 18:14:00 - Servidor ativo iniciando programa...
17/09/2006 18:14:00 - Verificando se o banco de dados est? ativo...
17/09/2006 18:14:00 - Conex?o com banco de dados realizada com sucesso... o programa est? ativo...
17/09/2006 18:14:54 - Iniciando a aplica??o...
17/09/2006 18:14:54 - Verificando se o servidor est? ativo...
17/09/2006 18:14:54 - Servidor ativo iniciando programa...
17/09/2006 18:14:54 - Verificando se o banco de dados est? ativo...
17/09/2006 18:14:55 - Conex?o com banco de dados realizada com sucesso... o programa est? ativo...
17/09/2006 18:17:50 - Iniciando a aplica??o...
17/09/2006 18:17:50 - Verificando se o servidor est? ativo...
17/09/2006 18:17:50 - Servidor ativo iniciando programa...
17/09/2006 18:17:50 - Verificando se o banco de dados est? ativo...
17/09/2006 18:17:50 - Conex?o com banco de dados realizada com sucesso... o programa est? ativo...
17/09/2006 18:20:05 - Iniciando a aplica??o...
17/09/2006 18:20:05 - Verificando se o servidor est? ativo...
17/09/2006 18:20:05 - Servidor ativo iniciando programa...
17/09/2006 18:20:05 - Verificando se o banco de dados est? ativo...
17/09/2006 18:20:05 - Conex?o com banco de dados realizada com sucesso... o programa est? ativo...
17/09/2006 18:20:33 - Iniciando a aplica??o...
17/09/2006 18:20:33 - Verificando se o servidor est? ativo...
17/09/2006 18:20:33 - Servidor ativo iniciando programa...
17/09/2006 18:20:33 - Verificando se o banco de dados est? ativo...
17/09/2006 18:20:33 - Conex?o com banco de dados realizada com sucesso... o programa est? ativo...
17/09/2006 18:21:00 - Iniciando a aplica??o...
17/09/2006 18:21:00 - Verificando se o servidor est? ativo...
17/09/2006 18:21:00 - Servidor ativo iniciando programa...
17/09/2006 18:21:00 - Verificando se o banco de dados est? ativo...
17/09/2006 18:21:00 - Conex?o com banco de dados realizada com sucesso... o programa est? ativo...
17/09/2006 18:23:32 - Iniciando a aplica??o...
17/09/2006 18:23:32 - Verificando se o servidor est? ativo...
17/09/2006 18:23:32 - Servidor ativo iniciando programa...
17/09/2006 18:23:32 - Verificando se o banco de dados est? ativo...
17/09/2006 18:23:32 - Conex?o com banco de dados realizada com sucesso... o programa est? ativo...
17/09/2006 18:42:10 - Iniciando a aplica??o...
17/09/2006 18:42:11 - Verificando se o servidor est? ativo...
17/09/2006 18:42:11 - Servidor ativo iniciando programa...
17/09/2006 18:42:11 - Verificando se o banco de dados est? ativo...
17/09/2006 18:42:13 - Conex?o com banco de dados realizada com sucesso... o programa est? ativo...
17/09/2006 18:42:58 - Iniciando a aplica??o...
17/09/2006 18:42:58 - Verificando se o servidor est? ativo...
17/09/2006 18:42:58 - Servidor ativo iniciando programa...
17/09/2006 18:42:58 - Verificando se o banco de dados est? ativo...
17/09/2006 18:42:59 - Conex?o com banco de dados realizada com sucesso... o programa est? ativo...
17/09/2006 18:43:07 - Procurando neo ...
17/09/2006 18:43:07 - Usu?rio neo encontrado...
17/09/2006 18:43:26 - Iniciando a aplica??o...
17/09/2006 18:43:26 - Verificando se o servidor est? ativo...
17/09/2006 18:43:26 - Servidor ativo iniciando programa...
17/09/2006 18:43:26 - Verificando se o banco de dados est? ativo...
17/09/2006 18:43:27 - Conex?o com banco de dados realizada com sucesso... o programa est? ativo...
17/09/2006 18:46:19 - Iniciando a aplica??o...
17/09/2006 18:46:19 - Verificando se o servidor est? ativo...
17/09/2006 18:46:19 - Servidor ativo iniciando programa...
17/09/2006 18:46:19 - Verificando se o banco de dados est? ativo...
17/09/2006 18:46:20 - Conex?o com banco de dados realizada com sucesso... o programa est? ativo...
17/09/2006 18:46:57 - Iniciando a aplica??o...
17/09/2006 18:46:57 - Verificando se o servidor est? ativo...
17/09/2006 18:46:57 - Servidor ativo iniciando programa...
17/09/2006 18:46:57 - Verificando se o banco de dados est? ativo...
17/09/2006 18:46:57 - Conex?o com banco de dados realizada com sucesso... o programa est? ativo...
17/09/2006 18:47:47 - Iniciando a aplica??o...
17/09/2006 18:47:47 - Verificando se o servidor est? ativo...
17/09/2006 18:47:47 - Servidor ativo iniciando programa...
17/09/2006 18:47:47 - Verificando se o banco de dados est? ativo...
17/09/2006 18:47:47 - Conex?o com banco de dados realizada com sucesso... o programa est? ativo...
17/09/2006 18:48:36 - Iniciando a aplica??o...
17/09/2006 18:48:36 - Verificando se o servidor est? ativo...
17/09/2006 18:48:36 - Servidor ativo iniciando programa...
17/09/2006 18:48:36 - Verificando se o banco de dados est? ativo...
17/09/2006 18:48:36 - Conex?o com banco de dados realizada com sucesso... o programa est? ativo...
17/09/2006 18:49:36 - Iniciando a aplica??o...
17/09/2006 18:49:36 - Verificando se o servidor est? ativo...
17/09/2006 18:49:36 - Servidor ativo iniciando programa...
17/09/2006 18:49:36 - Verificando se o banco de dados est? ativo...
17/09/2006 18:49:36 - Conex?o com banco de dados realizada com sucesso... o programa est? ativo...
17/09/2006 18:49:41 - 1/1/0001 00:05:00
17/09/2006 18:49:41 - 1/1/0001 00:30:00
17/09/2006 18:49:46 - 1/1/0001 00:05:00
17/09/2006 18:49:46 - 1/1/0001 00:30:00
17/09/2006 18:50:46 - Iniciando a aplica??o...
17/09/2006 18:50:46 - Verificando se o servidor est? ativo...
17/09/2006 18:50:46 - Servidor ativo iniciando programa...
17/09/2006 18:50:46 - Verificando se o banco de dados est? ativo...
17/09/2006 18:50:46 - Conex?o com banco de dados realizada com sucesso... o programa est? ativo...
17/09/2006 18:50:51 - 1/1/0001 00:05:00
17/09/2006 18:50:51 - 1/1/0001 00:30:00
17/09/2006 18:51:56 - Iniciando a aplica??o...
17/09/2006 18:51:57 - Verificando se o servidor est? ativo...
17/09/2006 18:51:57 - Servidor ativo iniciando programa...
17/09/2006 18:51:57 - Verificando se o banco de dados est? ativo...
17/09/2006 18:51:57 - Conex?o com banco de dados realizada com sucesso... o programa est? ativo...
17/09/2006 18:53:32 - Iniciando a aplica??o...
17/09/2006 18:53:32 - Verificando se o servidor est? ativo...
17/09/2006 18:53:32 - Servidor ativo iniciando programa...
17/09/2006 18:53:32 - Verificando se o banco de dados est? ativo...
17/09/2006 18:53:32 - Conex?o com banco de dados realizada com sucesso... o programa est? ativo...
17/09/2006 18:53:46 - Iniciando a aplica??o...
17/09/2006 18:53:46 - Verificando se o servidor est? ativo...
17/09/2006 18:53:46 - Servidor ativo iniciando programa...
17/09/2006 18:53:46 - Verificando se o banco de dados est? ativo...
17/09/2006 18:53:46 - Conex?o com banco de dados realizada com sucesso... o programa est? ativo...
17/09/2006 18:54:18 - Iniciando a aplica??o...
17/09/2006 18:54:18 - Verificando se o servidor est? ativo...
17/09/2006 18:54:18 - Servidor ativo iniciando programa...
17/09/2006 18:54:18 - Verificando se o banco de dados est? ativo...
17/09/2006 18:54:18 - Conex?o com banco de dados realizada com sucesso... o programa est? ativo...
17/09/2006 18:55:51 - Iniciando a aplica??o...
17/09/2006 18:55:51 - Verificando se o servidor est? ativo...
17/09/2006 18:55:51 - Servidor ativo iniciando programa...
17/09/2006 18:55:51 - Verificando se o banco de dados est? ativo...
17/09/2006 18:55:51 - Conex?o com banco de dados realizada com sucesso... o programa est? ativo...
17/09/2006 18:57:08 - Iniciando a aplica??o...
17/09/2006 18:57:08 - Verificando se o servidor est? ativo...
17/09/2006 18:57:08 - Servidor ativo iniciando programa...
17/09/2006 18:57:08 - Verificando se o banco de dados est? ativo...
17/09/2006 18:57:09 - Conex?o com banco de dados realizada com sucesso... o programa est? ativo...
17/09/2006 18:57:37 - Iniciando a aplica??o...
17/09/2006 18:57:37 - Verificando se o servidor est? ativo...
17/09/2006 18:57:37 - Servidor ativo iniciando programa...
17/09/2006 18:57:37 - Verificando se o banco de dados est? ativo...
17/09/2006 18:57:37 - Conex?o com banco de dados realizada com sucesso... o programa est? ativo...
17/09/2006 18:58:20 - Iniciando a aplica??o...
17/09/2006 18:58:20 - Verificando se o servidor est? ativo...
17/09/2006 18:58:20 - Servidor ativo iniciando programa...
17/09/2006 18:58:20 - Verificando se o banco de dados est? ativo...
17/09/2006 18:58:20 - Conex?o com banco de dados realizada com sucesso... o programa est? ativo...
17/09/2006 18:59:07 - Iniciando a aplica??o...
17/09/2006 18:59:07 - Verificando se o servidor est? ativo...
17/09/2006 18:59:07 - Servidor ativo iniciando programa...
17/09/2006 18:59:07 - Verificando se o banco de dados est? ativo...
17/09/2006 18:59:07 - Conex?o com banco de dados realizada com sucesso... o programa est? ativo...
17/09/2006 19:00:00 - Iniciando a aplica??o...
17/09/2006 19:00:00 - Verificando se o servidor est? ativo...
17/09/2006 19:00:00 - Servidor ativo iniciando programa...
17/09/2006 19:00:00 - Verificando se o banco de dados est? ativo...
17/09/2006 19:00:00 - Conex?o com banco de dados realizada com sucesso... o programa est? ativo...
17/09/2006 23:47:07 - Iniciando a aplica??o...
17/09/2006 23:47:07 - Verificando se o servidor est? ativo...
17/09/2006 23:47:08 - Servidor ativo iniciando programa...
17/09/2006 23:47:08 - Verificando se o banco de dados est? ativo...
17/09/2006 23:47:08 - Conex?o com banco de dados realizada com sucesso... o programa est? ativo...
17/09/2006 23:48:27 - Iniciando a aplica??o...
17/09/2006 23:48:28 - Verificando se o servidor est? ativo...
17/09/2006 23:48:28 - Servidor ativo iniciando programa...
17/09/2006 23:48:28 - Verificando se o banco de dados est? ativo...
17/09/2006 23:48:28 - Conex?o com banco de dados realizada com sucesso... o programa est? ativo...
17/09/2006 23:49:28 - Iniciando a aplica??o...
17/09/2006 23:49:28 - Verificando se o servidor est? ativo...
17/09/2006 23:49:29 - Servidor ativo iniciando programa...
17/09/2006 23:49:29 - Verificando se o banco de dados est? ativo...
17/09/2006 23:49:29 - Conex?o com banco de dados realizada com sucesso... o programa est? ativo...
17/09/2006 23:49:56 - Iniciando a aplica??o...
17/09/2006 23:49:56 - Verificando se o servidor est? ativo...
17/09/2006 23:49:56 - Servidor ativo iniciando programa...
17/09/2006 23:49:56 - Verificando se o banco de dados est? ativo...
17/09/2006 23:49:56 - Conex?o com banco de dados realizada com sucesso... o programa est? ativo...
17/09/2006 23:50:34 - Iniciando a aplica??o...
17/09/2006 23:50:34 - Verificando se o servidor est? ativo...
17/09/2006 23:50:34 - Servidor ativo iniciando programa...
17/09/2006 23:50:34 - Verificando se o banco de dados est? ativo...
17/09/2006 23:50:34 - Conex?o com banco de dados realizada com sucesso... o programa est? ativo...
17/09/2006 23:50:49 - Iniciando a aplica??o...
17/09/2006 23:50:49 - Verificando se o servidor est? ativo...
17/09/2006 23:50:49 - Servidor ativo iniciando programa...
17/09/2006 23:50:49 - Verificando se o banco de dados est? ativo...
17/09/2006 23:50:50 - Conex?o com banco de dados realizada com sucesso... o programa est? ativo...
17/09/2006 23:53:26 - Iniciando a aplica??o...
17/09/2006 23:53:26 - Verificando se o servidor est? ativo...
17/09/2006 23:53:26 - Servidor ativo iniciando programa...
17/09/2006 23:53:26 - Verificando se o banco de dados est? ativo...
17/09/2006 23:53:26 - Conex?o com banco de dados realizada com sucesso... o programa est? ativo...
17/09/2006 23:54:22 - Iniciando a aplica??o...
17/09/2006 23:54:22 - Verificando se o servidor est? ativo...
17/09/2006 23:54:22 - Servidor ativo iniciando programa...
17/09/2006 23:54:22 - Verificando se o banco de dados est? ativo...
17/09/2006 23:54:22 - Conex?o com banco de dados realizada com sucesso... o programa est? ativo...
18/09/2006 00:34:44 - Iniciando a aplica??o...
18/09/2006 00:34:44 - Verificando se o servidor est? ativo...
18/09/2006 00:34:44 - Servidor ativo iniciando programa...
18/09/2006 00:34:44 - Verificando se o banco de dados est? ativo...
18/09/2006 00:34:46 - Conex?o com banco de dados realizada com sucesso... o programa est? ativo...
18/09/2006 00:35:16 - Iniciando a aplica??o...
18/09/2006 00:35:16 - Verificando se o servidor est? ativo...
18/09/2006 00:35:16 - Servidor ativo iniciando programa...
18/09/2006 00:35:16 - Verificando se o banco de dados est? ativo...
18/09/2006 00:35:16 - Conex?o com banco de dados realizada com sucesso... o programa est? ativo...
18/09/2006 01:16:59 - Iniciando a aplica??o...
18/09/2006 01:16:59 - Verificando se o servidor est? ativo...
18/09/2006 01:17:00 - Servidor ativo iniciando programa...
18/09/2006 01:17:00 - Verificando se o banco de dados est? ativo...
18/09/2006 01:17:01 - Conex?o com banco de dados realizada com sucesso... o programa est? ativo...
18/09/2006 01:20:52 - Iniciando a aplica??o...
18/09/2006 01:20:52 - Verificando se o servidor est? ativo...
18/09/2006 01:20:52 - Servidor ativo iniciando programa...
18/09/2006 01:20:52 - Verificando se o banco de dados est? ativo...
18/09/2006 01:20:52 - Conex?o com banco de dados realizada com sucesso... o programa est? ativo...
18/09/2006 01:22:27 - Iniciando a aplica??o...
18/09/2006 01:22:27 - Verificando se o servidor est? ativo...
18/09/2006 01:22:27 - Servidor ativo iniciando programa...
18/09/2006 01:22:27 - Verificando se o banco de dados est? ativo...
18/09/2006 01:22:27 - Conex?o com banco de dados realizada com sucesso... o programa est? ativo...
18/09/2006 01:24:36 - Iniciando a aplica??o...
18/09/2006 01:24:36 - Verificando se o servidor est? ativo...
18/09/2006 01:24:36 - Servidor ativo iniciando programa...
18/09/2006 01:24:36 - Verificando se o banco de dados est? ativo...
18/09/2006 01:24:36 - Conex?o com banco de dados realizada com sucesso... o programa est? ativo...
18/09/2006 01:28:07 - Iniciando a aplica??o...
18/09/2006 01:28:07 - Verificando se o servidor est? ativo...
18/09/2006 01:28:07 - Servidor ativo iniciando programa...
18/09/2006 01:28:07 - Verificando se o banco de dados est? ativo...
18/09/2006 01:28:07 - Conex?o com banco de dados realizada com sucesso... o programa est? ativo...
18/09/2006 01:28:39 - Iniciando a aplica??o...
18/09/2006 01:28:39 - Verificando se o servidor est? ativo...
18/09/2006 01:28:39 - Servidor ativo iniciando programa...
18/09/2006 01:28:39 - Verificando se o banco de dados est? ativo...
18/09/2006 01:28:39 - Conex?o com banco de dados realizada com sucesso... o programa est? ativo...
18/09/2006 01:35:10 - Iniciando a aplica??o...
18/09/2006 01:35:10 - Verificando se o servidor est? ativo...
18/09/2006 01:35:11 - Servidor ativo iniciando programa...
18/09/2006 01:35:11 - Verificando se o banco de dados est? ativo...
18/09/2006 01:35:12 - Conex?o com banco de dados realizada com sucesso... o programa est? ativo...
18/09/2006 01:35:28 - Procurando cris ...
18/09/2006 01:35:28 - Usu?rio cris encontrado...
18/09/2006 01:36:59 - Iniciando a aplica??o...
18/09/2006 01:36:59 - Verificando se o servidor est? ativo...
18/09/2006 01:36:59 - Servidor ativo iniciando programa...
18/09/2006 01:36:59 - Verificando se o banco de dados est? ativo...
18/09/2006 01:36:59 - Conex?o com banco de dados realizada com sucesso... o programa est? ativo...
18/09/2006 01:37:10 - Procurando cris ...
18/09/2006 01:37:10 - Usu?rio cris encontrado...
18/09/2006 01:41:03 - Iniciando a aplica??o...
18/09/2006 01:41:03 - Verificando se o servidor est? ativo...
18/09/2006 01:41:03 - Servidor ativo iniciando programa...
18/09/2006 01:41:03 - Verificando se o banco de dados est? ativo...
18/09/2006 01:41:03 - Conex?o com banco de dados realizada com sucesso... o programa est? ativo...
18/09/2006 01:41:09 - Procurando cris ...
18/09/2006 01:41:09 - Usu?rio cris encontrado...
18/09/2006 01:48:17 - Iniciando a aplica??o...
18/09/2006 01:48:17 - Verificando se o servidor est? ativo...
18/09/2006 01:48:17 - Servidor ativo iniciando programa...
18/09/2006 01:48:17 - Verificando se o banco de dados est? ativo...
18/09/2006 01:48:17 - Conex?o com banco de dados realizada com sucesso... o programa est? ativo...
18/09/2006 01:48:43 - Procurando neo ...
18/09/2006 01:48:43 - Usu?rio neo encontrado...
18/09/2006 01:53:14 - Iniciando a aplica??o...
18/09/2006 01:53:14 - Verificando se o servidor est? ativo...
18/09/2006 01:53:14 - Servidor ativo iniciando programa...
18/09/2006 01:53:14 - Verificando se o banco de dados est? ativo...
18/09/2006 01:53:15 - Conex?o com banco de dados realizada com sucesso... o programa est? ativo...
18/09/2006 01:59:26 - Iniciando a aplica??o...
18/09/2006 01:59:26 - Verificando se o servidor est? ativo...
18/09/2006 01:59:26 - Servidor ativo iniciando programa...
18/09/2006 01:59:26 - Verificando se o banco de dados est? ativo...
18/09/2006 01:59:26 - Conex?o com banco de dados realizada com sucesso... o programa est? ativo...
18/09/2006 02:00:01 - Iniciando a aplica??o...
18/09/2006 02:00:01 - Verificando se o servidor est? ativo...
18/09/2006 02:00:01 - Servidor ativo iniciando programa...
18/09/2006 02:00:01 - Verificando se o banco de dados est? ativo...
18/09/2006 02:00:01 - Conex?o com banco de dados realizada com sucesso... o programa est? ativo...
18/09/2006 02:03:46 - Iniciando a aplica??o...
18/09/2006 02:03:46 - Verificando se o servidor est? ativo...
18/09/2006 02:03:46 - Servidor ativo iniciando programa...
18/09/2006 02:03:46 - Verificando se o banco de dados est? ativo...
18/09/2006 02:03:46 - Conex?o com banco de dados realizada com sucesso... o programa est? ativo...
18/09/2006 02:03:59 - Procurando evelyn ...
18/09/2006 02:03:59 - Usu?rio evelyn encontrado...
18/09/2006 02:06:14 - Iniciando a aplica??o...
18/09/2006 02:06:14 - Verificando se o servidor est? ativo...
18/09/2006 02:06:14 - Servidor ativo iniciando programa...
18/09/2006 02:06:14 - Verificando se o banco de dados est? ativo...
18/09/2006 02:06:14 - Conex?o com banco de dados realizada com sucesso... o programa est? ativo...
18/09/2006 02:10:19 - Iniciando a aplica??o...
18/09/2006 02:10:19 - Verificando se o servidor est? ativo...
18/09/2006 02:10:19 - Servidor ativo iniciando programa...
18/09/2006 02:10:19 - Verificando se o banco de dados est? ativo...
18/09/2006 02:10:19 - Conex?o com banco de dados realizada com sucesso... o programa est? ativo...
18/09/2006 02:13:45 - Iniciando a aplica??o...
18/09/2006 02:13:45 - Verificando se o servidor est? ativo...
18/09/2006 02:13:45 - Servidor ativo iniciando programa...
18/09/2006 02:13:45 - Verificando se o banco de dados est? ativo...
18/09/2006 02:13:45 - Conex?o com banco de dados realizada com sucesso... o programa est? ativo...
18/09/2006 02:14:57 - Iniciando a aplica??o...
18/09/2006 02:14:57 - Verificando se o servidor est? ativo...
18/09/2006 02:14:57 - Servidor ativo iniciando programa...
18/09/2006 02:14:57 - Verificando se o banco de dados est? ativo...
18/09/2006 02:14:57 - Conex?o com banco de dados realizada com sucesso... o programa est? ativo...
18/09/2006 02:18:10 - Iniciando a aplica??o...
18/09/2006 02:18:10 - Verificando se o servidor est? ativo...
18/09/2006 02:18:10 - Servidor ativo iniciando programa...
18/09/2006 02:18:10 - Verificando se o banco de dados est? ativo...
18/09/2006 02:18:10 - Conex?o com banco de dados realizada com sucesso... o programa est? ativo...
18/09/2006 02:18:32 - Iniciando a aplica??o...
18/09/2006 02:18:32 - Verificando se o servidor est? ativo...
18/09/2006 02:18:32 - Servidor ativo iniciando programa...
18/09/2006 02:18:32 - Verificando se o banco de dados est? ativo...
18/09/2006 02:18:32 - Conex?o com banco de dados realizada com sucesso... o programa est? ativo...
18/09/2006 02:19:12 - Iniciando a aplica??o...
18/09/2006 02:19:12 - Verificando se o servidor est? ativo...
18/09/2006 02:19:12 - Servidor ativo iniciando programa...
18/09/2006 02:19:12 - Verificando se o banco de dados est? ativo...
18/09/2006 02:19:12 - Conex?o com banco de dados realizada com sucesso... o programa est? ativo...
18/09/2006 02:19:57 - Iniciando a aplica??o...
18/09/2006 02:19:57 - Verificando se o servidor est? ativo...
18/09/2006 02:19:57 - Servidor ativo iniciando programa...
18/09/2006 02:19:57 - Verificando se o banco de dados est? ativo...
18/09/2006 02:19:57 - Conex?o com banco de dados realizada com sucesso... o programa est? ativo...
18/09/2006 02:20:26 - Iniciando a aplica??o...
18/09/2006 02:20:26 - Verificando se o servidor est? ativo...
18/09/2006 02:20:26 - Servidor ativo iniciando programa...
18/09/2006 02:20:26 - Verificando se o banco de dados est? ativo...
18/09/2006 02:20:27 - Conex?o com banco de dados realizada com sucesso... o programa est? ativo...
18/09/2006 02:21:49 - Iniciando a aplica??o...
18/09/2006 02:21:49 - Verificando se o servidor est? ativo...
18/09/2006 02:21:49 - Servidor ativo iniciando programa...
18/09/2006 02:21:49 - Verificando se o banco de dados est? ativo...
18/09/2006 02:21:49 - Conex?o com banco de dados realizada com sucesso... o programa est? ativo...
18/09/2006 02:22:11 - Procurando evelyn ...
18/09/2006 02:22:11 - Usu?rio evelyn encontrado...
18/09/2006 02:24:04 - Iniciando a aplica??o...
18/09/2006 02:24:04 - Verificando se o servidor est? ativo...
18/09/2006 02:24:04 - Servidor ativo iniciando programa...
18/09/2006 02:24:04 - Verificando se o banco de dados est? ativo...
18/09/2006 02:24:04 - Conex?o com banco de dados realizada com sucesso... o programa est? ativo...
18/09/2006 02:27:08 - Iniciando a aplica??o...
18/09/2006 02:27:08 - Verificando se o servidor est? ativo...
18/09/2006 02:27:08 - Servidor ativo iniciando programa...
18/09/2006 02:27:08 - Verificando se o banco de dados est? ativo...
18/09/2006 02:27:08 - Conex?o com banco de dados realizada com sucesso... o programa est? ativo...
18/09/2006 17:25:59 - Iniciando a aplica??o...
18/09/2006 17:26:00 - Verificando se o servidor est? ativo...
18/09/2006 17:26:00 - Servidor ativo iniciando programa...
18/09/2006 17:26:00 - Verificando se o banco de dados est? ativo...
18/09/2006 17:26:02 - Conex?o com banco de dados realizada com sucesso... o programa est? ativo...
18/09/2006 17:26:29 - Procurando neo ...
18/09/2006 17:26:29 - Usu?rio neo encontrado...
18/09/2006 17:26:39 - Procurando neo ...
18/09/2006 17:26:39 - Usu?rio neo encontrado...
18/09/2006 17:29:03 - Iniciando a aplica??o...
18/09/2006 17:29:03 - Verificando se o servidor est? ativo...
18/09/2006 17:29:03 - Servidor ativo iniciando programa...
18/09/2006 17:29:03 - Verificando se o banco de dados est? ativo...
18/09/2006 17:29:03 - Conex?o com banco de dados realizada com sucesso... o programa est? ativo...
18/09/2006 17:34:44 - Iniciando a aplica??o...
18/09/2006 17:34:45 - Verificando se o servidor est? ativo...
18/09/2006 17:34:45 - Servidor ativo iniciando programa...
18/09/2006 17:34:45 - Verificando se o banco de dados est? ativo...
18/09/2006 17:34:45 - Conex?o com banco de dados realizada com sucesso... o programa est? ativo...
18/09/2006 17:41:15 - Iniciando a aplica??o...
18/09/2006 17:41:15 - Verificando se o servidor est? ativo...
18/09/2006 17:41:15 - Servidor ativo iniciando programa...
18/09/2006 17:41:15 - Verificando se o banco de dados est? ativo...
18/09/2006 17:41:16 - Conex?o com banco de dados realizada com sucesso... o programa est? ativo...
18/09/2006 17:42:33 - Iniciando a aplica??o...
18/09/2006 17:42:33 - Verificando se o servidor est? ativo...
18/09/2006 17:42:33 - Servidor ativo iniciando programa...
18/09/2006 17:42:33 - Verificando se o banco de dados est? ativo...
18/09/2006 17:42:33 - Conex?o com banco de dados realizada com sucesso... o programa est? ativo...
18/09/2006 17:45:42 - Iniciando a aplica??o...
18/09/2006 17:45:42 - Verificando se o servidor est? ativo...
18/09/2006 17:45:43 - Servidor ativo iniciando programa...
18/09/2006 17:45:43 - Verificando se o banco de dados est? ativo...
18/09/2006 17:45:43 - Conex?o com banco de dados realizada com sucesso... o programa est? ativo...
18/09/2006 17:47:21 - Iniciando a aplica??o...
18/09/2006 17:47:21 - Verificando se o servidor est? ativo...
18/09/2006 17:47:21 - Servidor ativo iniciando programa...
18/09/2006 17:47:21 - Verificando se o banco de dados est? ativo...
18/09/2006 17:47:21 - Conex?o com banco de dados realizada com sucesso... o programa est? ativo...
18/09/2006 17:51:37 - Iniciando a aplica??o...
18/09/2006 17:51:37 - Verificando se o servidor est? ativo...
18/09/2006 17:51:38 - Servidor ativo iniciando programa...
18/09/2006 17:51:38 - Verificando se o banco de dados est? ativo...
18/09/2006 17:51:38 - Conex?o com banco de dados realizada com sucesso... o programa est? ativo...
18/09/2006 17:53:13 - Iniciando a aplica??o...
18/09/2006 17:53:13 - Verificando se o servidor est? ativo...
18/09/2006 17:53:13 - Servidor ativo iniciando programa...
18/09/2006 17:53:13 - Verificando se o banco de dados est? ativo...
18/09/2006 17:53:13 - Conex?o com banco de dados realizada com sucesso... o programa est? ativo...
18/09/2006 17:55:19 - Iniciando a aplica??o...
18/09/2006 17:55:19 - Verificando se o servidor est? ativo...
18/09/2006 17:55:19 - Servidor ativo iniciando programa...
18/09/2006 17:55:19 - Verificando se o banco de dados est? ativo...
18/09/2006 17:55:19 - Conex?o com banco de dados realizada com sucesso... o programa est? ativo...
18/09/2006 17:57:21 - Iniciando a aplica??o...
18/09/2006 17:57:21 - Verificando se o servidor est? ativo...
18/09/2006 17:57:21 - Servidor ativo iniciando programa...
18/09/2006 17:57:21 - Verificando se o banco de dados est? ativo...
18/09/2006 17:57:21 - Conex?o com banco de dados realizada com sucesso... o programa est? ativo...
18/09/2006 17:58:12 - Iniciando a aplica??o...
18/09/2006 17:58:12 - Verificando se o servidor est? ativo...
18/09/2006 17:58:12 - Servidor ativo iniciando programa...
18/09/2006 17:58:12 - Verificando se o banco de dados est? ativo...
18/09/2006 17:58:12 - Conex?o com banco de dados realizada com sucesso... o programa est? ativo...
18/09/2006 18:01:24 - Iniciando a aplica??o...
18/09/2006 18:01:25 - Verificando se o servidor est? ativo...
18/09/2006 18:01:25 - Servidor ativo iniciando programa...
18/09/2006 18:01:25 - Verificando se o banco de dados est? ativo...
18/09/2006 18:01:26 - Conex?o com banco de dados realizada com sucesso... o programa est? ativo...
18/09/2006 18:14:42 - Iniciando a aplica??o...
18/09/2006 18:14:42 - Verificando se o servidor est? ativo...
18/09/2006 18:14:42 - Servidor ativo iniciando programa...
18/09/2006 18:14:42 - Verificando se o banco de dados est? ativo...
18/09/2006 18:14:43 - Conex?o com banco de dados realizada com sucesso... o programa est? ativo...
18/09/2006 18:19:06 - Iniciando a aplica??o...
18/09/2006 18:19:06 - Verificando se o servidor est? ativo...
18/09/2006 18:19:06 - Servidor ativo iniciando programa...
18/09/2006 18:19:06 - Verificando se o banco de dados est? ativo...
18/09/2006 18:19:06 - Conex?o com banco de dados realizada com sucesso... o programa est? ativo...
18/09/2006 18:23:36 - Iniciando a aplica??o...
18/09/2006 18:23:36 - Verificando se o servidor est? ativo...
18/09/2006 18:23:36 - Servidor ativo iniciando programa...
18/09/2006 18:23:36 - Verificando se o banco de dados est? ativo...
18/09/2006 18:23:36 - Conex?o com banco de dados realizada com sucesso... o programa est? ativo...
18/09/2006 18:24:27 - Iniciando a aplica??o...
18/09/2006 18:24:27 - Verificando se o servidor est? ativo...
18/09/2006 18:24:27 - Servidor ativo iniciando programa...
18/09/2006 18:24:27 - Verificando se o banco de dados est? ativo...
18/09/2006 18:24:27 - Conex?o com banco de dados realizada com sucesso... o programa est? ativo...
18/09/2006 18:26:49 - Iniciando a aplica??o...
18/09/2006 18:26:49 - Verificando se o servidor est? ativo...
18/09/2006 18:26:49 - Servidor ativo iniciando programa...
18/09/2006 18:26:49 - Verificando se o banco de dados est? ativo...
18/09/2006 18:26:49 - Conex?o com banco de dados realizada com sucesso... o programa est? ativo...
21/09/2006 13:46:17 - Iniciando a aplica??o...
21/09/2006 13:46:18 - Verificando se o servidor est? ativo...
21/09/2006 13:46:18 - Servidor ativo iniciando programa...
21/09/2006 13:46:18 - Verificando se o banco de dados est? ativo...
21/09/2006 13:46:19 - Conex?o com banco de dados realizada com sucesso... o programa est? ativo...
21/09/2006 17:58:33 - Iniciando a aplica??o...
21/09/2006 17:58:34 - Verificando se o servidor est? ativo...
21/09/2006 17:58:34 - Servidor ativo iniciando programa...
21/09/2006 17:58:34 - Verificando se o banco de dados est? ativo...
21/09/2006 17:58:35 - Conex?o com banco de dados realizada com sucesso... o programa est? ativo...
21/09/2006 18:00:24 - Iniciando a aplica??o...
21/09/2006 18:00:24 - Verificando se o servidor est? ativo...
21/09/2006 18:00:24 - Servidor ativo iniciando programa...
21/09/2006 18:00:24 - Verificando se o banco de dados est? ativo...
21/09/2006 18:00:24 - Conex?o com banco de dados realizada com sucesso... o programa est? ativo...
21/09/2006 18:00:31 - Procurando neo ...
21/09/2006 18:00:31 - Usu?rio neo encontrado...
21/09/2006 18:04:16 - Iniciando a aplica??o...
21/09/2006 18:04:16 - Verificando se o servidor est? ativo...
21/09/2006 18:04:16 - Servidor ativo iniciando programa...
21/09/2006 18:04:16 - Verificando se o banco de dados est? ativo...
21/09/2006 18:04:16 - Conex?o com banco de dados realizada com sucesso... o programa est? ativo...
21/09/2006 18:04:23 - Procurando neo ...
21/09/2006 18:04:23 - Usu?rio neo encontrado...
21/09/2006 18:04:36 - Procurando evelyn ...
21/09/2006 18:04:36 - Usu?rio evelyn encontrado...
21/09/2006 18:04:43 - Procurando neo ...
21/09/2006 18:04:43 - Usu?rio neo encontrado...
21/09/2006 18:16:38 - Iniciando a aplica??o...
21/09/2006 18:16:38 - Verificando se o servidor est? ativo...
21/09/2006 18:16:38 - Servidor ativo iniciando programa...
21/09/2006 18:16:38 - Verificando se o banco de dados est? ativo...
21/09/2006 18:16:39 - Conex?o com banco de dados realizada com sucesso... o programa est? ativo...
21/09/2006 18:20:10 - Iniciando a aplica??o...
21/09/2006 18:20:11 - Verificando se o servidor est? ativo...
21/09/2006 18:20:11 - Servidor ativo iniciando programa...
21/09/2006 18:20:11 - Verificando se o banco de dados est? ativo...
21/09/2006 18:20:11 - Conex?o com banco de dados realizada com sucesso... o programa est? ativo...
21/09/2006 18:25:47 - Iniciando a aplica??o...
21/09/2006 18:25:48 - Verificando se o servidor est? ativo...
21/09/2006 18:25:48 - Servidor ativo iniciando programa...
21/09/2006 18:25:48 - Verificando se o banco de dados est? ativo...
21/09/2006 18:25:49 - Conex?o com banco de dados realizada com sucesso... o programa est? ativo...
21/09/2006 18:29:01 - Iniciando a aplica??o...
21/09/2006 18:29:01 - Verificando se o servidor est? ativo...
21/09/2006 18:29:01 - Servidor ativo iniciando programa...
21/09/2006 18:29:01 - Verificando se o banco de dados est? ativo...
21/09/2006 18:29:01 - Conex?o com banco de dados realizada com sucesso... o programa est? ativo...
21/09/2006 18:32:11 - Iniciando a aplica??o...
21/09/2006 18:32:11 - Verificando se o servidor est? ativo...
21/09/2006 18:32:11 - Servidor ativo iniciando programa...
21/09/2006 18:32:11 - Verificando se o banco de dados est? ativo...
21/09/2006 18:32:11 - Conex?o com banco de dados realizada com sucesso... o programa est? ativo...
21/09/2006 18:34:58 - Iniciando a aplica??o...
21/09/2006 18:34:58 - Verificando se o servidor est? ativo...
21/09/2006 18:34:58 - Servidor ativo iniciando programa...
21/09/2006 18:34:58 - Verificando se o banco de dados est? ativo...
21/09/2006 18:34:59 - Conex?o com banco de dados realizada com sucesso... o programa est? ativo...
21/09/2006 18:37:56 - Iniciando a aplica??o...
21/09/2006 18:37:57 - Verificando se o servidor est? ativo...
21/09/2006 18:37:57 - Servidor ativo iniciando programa...
21/09/2006 18:37:57 - Verificando se o banco de dados est? ativo...
21/09/2006 18:37:57 - Conex?o com banco de dados realizada com sucesso... o programa est? ativo...
21/09/2006 18:39:34 - Procurando neo ...
21/09/2006 18:39:34 - Usu?rio neo encontrado...
29/09/2006 17:56:56 - Iniciando a aplica??o...
29/09/2006 17:56:56 - Verificando se o servidor est? ativo...
29/09/2006 17:56:56 - Servidor ativo iniciando programa...
29/09/2006 17:56:56 - Verificando se o banco de dados est? ativo...
29/09/2006 17:56:56 - Conex?o com banco de dados realizada com sucesso... o programa est? ativo...
29/09/2006 22:16:22 - Iniciando a aplica??o...
29/09/2006 22:16:23 - Verificando se o servidor est? ativo...
29/09/2006 22:16:23 - Servidor ativo iniciando programa...
29/09/2006 22:16:23 - Verificando se o banco de dados est? ativo...
29/09/2006 22:16:24 - Conex?o com banco de dados realizada com sucesso... o programa est? ativo...
29/09/2006 22:20:04 - Iniciando a aplica??o...
29/09/2006 22:20:04 - Verificando se o servidor est? ativo...
29/09/2006 22:20:04 - Servidor ativo iniciando programa...
29/09/2006 22:20:04 - Verificando se o banco de dados est? ativo...
29/09/2006 22:20:04 - Conex?o com banco de dados realizada com sucesso... o programa est? ativo...
29/09/2006 22:22:03 - Iniciando a aplica??o...
29/09/2006 22:22:04 - Verificando se o servidor est? ativo...
29/09/2006 22:22:04 - Servidor ativo iniciando programa...
29/09/2006 22:22:04 - Verificando se o banco de dados est? ativo...
29/09/2006 22:22:05 - Conex?o com banco de dados realizada com sucesso... o programa est? ativo...
30/09/2006 13:55:27 - Iniciando a aplica??o...
30/09/2006 13:55:28 - Verificando se o servidor est? ativo...
30/09/2006 13:55:29 - Servidor ativo iniciando programa...
30/09/2006 13:55:29 - Verificando se o banco de dados est? ativo...
30/09/2006 13:55:31 - Conex?o com banco de dados realizada com sucesso... o programa est? ativo...
30/09/2006 13:59:46 - Iniciando a aplica??o...
30/09/2006 13:59:46 - Verificando se o servidor est? ativo...
30/09/2006 13:59:46 - Servidor ativo iniciando programa...
30/09/2006 13:59:46 - Verificando se o banco de dados est? ativo...
30/09/2006 13:59:46 - Conex?o com banco de dados realizada com sucesso... o programa est? ativo...
30/09/2006 14:00:14 - Procurando neo ...
30/09/2006 14:00:14 - Usu?rio neo encontrado...
30/09/2006 14:43:38 - Iniciando a aplica??o...
30/09/2006 14:43:38 - Verificando se o servidor est? ativo...
30/09/2006 14:43:39 - Servidor ativo iniciando programa...
30/09/2006 14:43:39 - Verificando se o banco de dados est? ativo...
30/09/2006 14:43:40 - Conex?o com banco de dados realizada com sucesso... o programa est? ativo...
30/09/2006 15:01:19 - Iniciando a aplica??o...
30/09/2006 15:01:19 - Verificando se o servidor est? ativo...
30/09/2006 15:01:20 - Servidor ativo iniciando programa...
30/09/2006 15:01:20 - Verificando se o banco de dados est? ativo...
30/09/2006 15:01:21 - Conex?o com banco de dados realizada com sucesso... o programa est? ativo...
30/09/2006 15:11:21 - Iniciando a aplica??o...
30/09/2006 15:11:22 - Verificando se o servidor est? ativo...
30/09/2006 15:11:22 - Servidor ativo iniciando programa...
30/09/2006 15:11:22 - Verificando se o banco de dados est? ativo...
30/09/2006 15:11:25 - Conex?o com banco de dados realizada com sucesso... o programa est? ativo...
30/09/2006 15:12:52 - Iniciando a aplica??o...
30/09/2006 15:12:52 - Verificando se o servidor est? ativo...
30/09/2006 15:12:52 - Servidor ativo iniciando programa...
30/09/2006 15:12:52 - Verificando se o banco de dados est? ativo...
30/09/2006 15:12:52 - Conex?o com banco de dados realizada com sucesso... o programa est? ativo...
30/09/2006 15:22:36 - Iniciando a aplica??o...
30/09/2006 15:22:36 - Verificando se o servidor est? ativo...
30/09/2006 15:22:37 - Servidor ativo iniciando programa...
30/09/2006 15:22:37 - Verificando se o banco de dados est? ativo...
30/09/2006 15:22:38 - Conex?o com banco de dados realizada com sucesso... o programa est? ativo...
30/09/2006 15:26:35 - Iniciando a aplica??o...
30/09/2006 15:26:35 - Verificando se o servidor est? ativo...
30/09/2006 15:26:35 - Servidor ativo iniciando programa...
30/09/2006 15:26:35 - Verificando se o banco de dados est? ativo...
30/09/2006 15:26:36 - Conex?o com banco de dados realizada com sucesso... o programa est? ativo...
30/09/2006 15:28:19 - Iniciando a aplica??o...
30/09/2006 15:28:19 - Verificando se o servidor est? ativo...
30/09/2006 15:28:19 - Servidor ativo iniciando programa...
30/09/2006 15:28:19 - Verificando se o banco de dados est? ativo...
30/09/2006 15:28:19 - Conex?o com banco de dados realizada com sucesso... o programa est? ativo...
30/09/2006 15:31:15 - Iniciando a aplica??o...
30/09/2006 15:31:16 - Verificando se o servidor est? ativo...
30/09/2006 15:31:16 - Servidor ativo iniciando programa...
30/09/2006 15:31:16 - Verificando se o banco de dados est? ativo...
30/09/2006 15:31:16 - Conex?o com banco de dados realizada com sucesso... o programa est? ativo...
30/09/2006 15:44:59 - Iniciando a aplica??o...
30/09/2006 15:44:59 - Verificando se o servidor est? ativo...
30/09/2006 15:45:00 - Servidor ativo iniciando programa...
30/09/2006 15:45:00 - Verificando se o banco de dados est? ativo...
30/09/2006 15:45:01 - Conex?o com banco de dados realizada com sucesso... o programa est? ativo...
30/09/2006 15:47:33 - Iniciando a aplica??o...
30/09/2006 15:47:33 - Verificando se o servidor est? ativo...
30/09/2006 15:47:33 - Servidor ativo iniciando programa...
30/09/2006 15:47:33 - Verificando se o banco de dados est? ativo...
30/09/2006 15:47:33 - Conex?o com banco de dados realizada com sucesso... o programa est? ativo...
30/09/2006 15:48:22 - Iniciando a aplica??o...
30/09/2006 15:48:22 - Verificando se o servidor est? ativo...
30/09/2006 15:48:22 - Servidor ativo iniciando programa...
30/09/2006 15:48:22 - Verificando se o banco de dados est? ativo...
30/09/2006 15:48:22 - Conex?o com banco de dados realizada com sucesso... o programa est? ativo...
30/09/2006 15:50:52 - Iniciando a aplica??o...
30/09/2006 15:50:52 - Verificando se o servidor est? ativo...
30/09/2006 15:50:52 - Servidor ativo iniciando programa...
30/09/2006 15:50:52 - Verificando se o banco de dados est? ativo...
30/09/2006 15:50:52 - Conex?o com banco de dados realizada com sucesso... o programa est? ativo...
30/09/2006 15:51:03 - Iniciando a aplica??o...
30/09/2006 15:51:03 - Verificando se o servidor est? ativo...
30/09/2006 15:51:04 - Servidor ativo iniciando programa...
30/09/2006 15:51:04 - Verificando se o banco de dados est? ativo...
30/09/2006 15:51:04 - Conex?o com banco de dados realizada com sucesso... o programa est? ativo...
30/09/2006 15:56:58 - Iniciando a aplica??o...
30/09/2006 15:56:58 - Verificando se o servidor est? ativo...
30/09/2006 15:56:58 - Servidor ativo iniciando programa...
30/09/2006 15:56:58 - Verificando se o banco de dados est? ativo...
30/09/2006 15:56:58 - Conex?o com banco de dados realizada com sucesso... o programa est? ativo...
30/09/2006 16:03:57 - Iniciando a aplica??o...
30/09/2006 16:03:57 - Verificando se o servidor est? ativo...
30/09/2006 16:03:57 - Servidor ativo iniciando programa...
30/09/2006 16:03:57 - Verificando se o banco de dados est? ativo...
30/09/2006 16:03:57 - Conex?o com banco de dados realizada com sucesso... o programa est? ativo...
30/09/2006 16:24:04 - Iniciando a aplica??o...
30/09/2006 16:24:05 - Verificando se o servidor est? ativo...
30/09/2006 16:24:05 - Servidor ativo iniciando programa...
30/09/2006 16:24:05 - Verificando se o banco de dados est? ativo...
30/09/2006 16:24:07 - Conex?o com banco de dados realizada com sucesso... o programa est? ativo...
30/09/2006 16:26:17 - Iniciando a aplica??o...
30/09/2006 16:26:17 - Verificando se o servidor est? ativo...
30/09/2006 16:26:17 - Servidor ativo iniciando programa...
30/09/2006 16:26:17 - Verificando se o banco de dados est? ativo...
30/09/2006 16:26:18 - Conex?o com banco de dados realizada com sucesso... o programa est? ativo...
30/09/2006 16:32:45 - Iniciando a aplica??o...
30/09/2006 16:32:46 - Verificando se o servidor est? ativo...
30/09/2006 16:32:46 - Servidor ativo iniciando programa...
30/09/2006 16:32:46 - Verificando se o banco de dados est? ativo...
30/09/2006 16:32:46 - Conex?o com banco de dados realizada com sucesso... o programa est? ativo...
30/09/2006 16:34:11 - Iniciando a aplica??o...
30/09/2006 16:34:11 - Verificando se o servidor est? ativo...
30/09/2006 16:34:11 - Servidor ativo iniciando programa...
30/09/2006 16:34:11 - Verificando se o banco de dados est? ativo...
30/09/2006 16:34:11 - Conex?o com banco de dados realizada com sucesso... o programa est? ativo...
30/09/2006 16:37:34 - Iniciando a aplica??o...
30/09/2006 16:37:34 - Verificando se o servidor est? ativo...
30/09/2006 16:37:34 - Servidor ativo iniciando programa...
30/09/2006 16:37:34 - Verificando se o banco de dados est? ativo...
30/09/2006 16:37:34 - Conex?o com banco de dados realizada com sucesso... o programa est? ativo...
30/09/2006 16:38:20 - Iniciando a aplica??o...
30/09/2006 16:38:20 - Verificando se o servidor est? ativo...
30/09/2006 16:38:20 - Servidor ativo iniciando programa...
30/09/2006 16:38:20 - Verificando se o banco de dados est? ativo...
30/09/2006 16:38:21 - Conex?o com banco de dados realizada com sucesso... o programa est? ativo...
30/09/2006 16:39:47 - Iniciando a aplica??o...
30/09/2006 16:39:47 - Verificando se o servidor est? ativo...
30/09/2006 16:39:47 - Servidor ativo iniciando programa...
30/09/2006 16:39:47 - Verificando se o banco de dados est? ativo...
30/09/2006 16:39:48 - Conex?o com banco de dados realizada com sucesso... o programa est? ativo...
30/09/2006 16:41:37 - Iniciando a aplica??o...
30/09/2006 16:41:37 - Verificando se o servidor est? ativo...
30/09/2006 16:41:37 - Servidor ativo iniciando programa...
30/09/2006 16:41:37 - Verificando se o banco de dados est? ativo...
30/09/2006 16:41:37 - Conex?o com banco de dados realizada com sucesso... o programa est? ativo...
30/09/2006 16:46:25 - Iniciando a aplica??o...
30/09/2006 16:46:25 - Verificando se o servidor est? ativo...
30/09/2006 16:46:25 - Servidor ativo iniciando programa...
30/09/2006 16:46:25 - Verificando se o banco de dados est? ativo...
30/09/2006 16:46:25 - Conex?o com banco de dados realizada com sucesso... o programa est? ativo...
30/09/2006 16:49:06 - Iniciando a aplica??o...
30/09/2006 16:49:06 - Verificando se o servidor est? ativo...
30/09/2006 16:49:06 - Servidor ativo iniciando programa...
30/09/2006 16:49:06 - Verificando se o banco de dados est? ativo...
30/09/2006 16:49:06 - Conex?o com banco de dados realizada com sucesso... o programa est? ativo...
30/09/2006 16:50:06 - Iniciando a aplica??o...
30/09/2006 16:50:06 - Verificando se o servidor est? ativo...
30/09/2006 16:50:06 - Servidor ativo iniciando programa...
30/09/2006 16:50:06 - Verificando se o banco de dados est? ativo...
30/09/2006 16:50:06 - Conex?o com banco de dados realizada com sucesso... o programa est? ativo...
30/09/2006 16:51:44 - Iniciando a aplica??o...
30/09/2006 16:51:44 - Verificando se o servidor est? ativo...
30/09/2006 16:51:44 - Servidor ativo iniciando programa...
30/09/2006 16:51:44 - Verificando se o banco de dados est? ativo...
30/09/2006 16:51:44 - Conex?o com banco de dados realizada com sucesso... o programa est? ativo...
30/09/2006 16:54:55 - Iniciando a aplica??o...
30/09/2006 16:54:55 - Verificando se o servidor est? ativo...
30/09/2006 16:54:55 - Servidor ativo iniciando programa...
30/09/2006 16:54:55 - Verificando se o banco de dados est? ativo...
30/09/2006 16:54:55 - Conex?o com banco de dados realizada com sucesso... o programa est? ativo...
30/09/2006 16:55:56 - Iniciando a aplica??o...
30/09/2006 16:55:56 - Verificando se o servidor est? ativo...
30/09/2006 16:55:56 - Servidor ativo iniciando programa...
30/09/2006 16:55:56 - Verificando se o banco de dados est? ativo...
30/09/2006 16:55:56 - Conex?o com banco de dados realizada com sucesso... o programa est? ativo...
30/09/2006 16:56:50 - Iniciando a aplica??o...
30/09/2006 16:56:50 - Verificando se o servidor est? ativo...
30/09/2006 16:56:50 - Servidor ativo iniciando programa...
30/09/2006 16:56:50 - Verificando se o banco de dados est? ativo...
30/09/2006 16:56:50 - Conex?o com banco de dados realizada com sucesso... o programa est? ativo...
30/09/2006 17:03:32 - Iniciando a aplica??o...
30/09/2006 17:03:32 - Verificando se o servidor est? ativo...
30/09/2006 17:03:35 - Servidor ativo iniciando programa...
30/09/2006 17:03:35 - Verificando se o banco de dados est? ativo...
30/09/2006 17:03:36 - Conex?o com banco de dados realizada com sucesso... o programa est? ativo...
30/09/2006 17:18:46 - Iniciando a aplica??o...
30/09/2006 17:18:46 - Verificando se o servidor est? ativo...
30/09/2006 17:18:47 - Servidor ativo iniciando programa...
30/09/2006 17:18:47 - Verificando se o banco de dados est? ativo...
30/09/2006 17:18:47 - Conex?o com banco de dados realizada com sucesso... o programa est? ativo...
30/09/2006 17:21:02 - Iniciando a aplica??o...
30/09/2006 17:21:02 - Verificando se o servidor est? ativo...
30/09/2006 17:21:02 - Servidor ativo iniciando programa...
30/09/2006 17:21:02 - Verificando se o banco de dados est? ativo...
30/09/2006 17:21:02 - Conex?o com banco de dados realizada com sucesso... o programa est? ativo...
30/09/2006 17:27:57 - Iniciando a aplica??o...
30/09/2006 17:27:57 - Verificando se o servidor est? ativo...
30/09/2006 17:27:57 - Servidor ativo iniciando programa...
30/09/2006 17:27:57 - Verificando se o banco de dados est? ativo...
30/09/2006 17:27:58 - Conex?o com banco de dados realizada com sucesso... o programa est? ativo...
30/09/2006 17:28:50 - Iniciando a aplica??o...
30/09/2006 17:28:50 - Verificando se o servidor est? ativo...
30/09/2006 17:28:50 - Servidor ativo iniciando programa...
30/09/2006 17:28:50 - Verificando se o banco de dados est? ativo...
30/09/2006 17:28:50 - Conex?o com banco de dados realizada com sucesso... o programa est? ativo...
30/09/2006 17:30:50 - Iniciando a aplica??o...
30/09/2006 17:30:51 - Verificando se o servidor est? ativo...
30/09/2006 17:30:51 - Servidor ativo iniciando programa...
30/09/2006 17:30:51 - Verificando se o banco de dados est? ativo...
30/09/2006 17:30:51 - Conex?o com banco de dados realizada com sucesso... o programa est? ativo...
30/09/2006 17:48:56 - Iniciando a aplica??o...
30/09/2006 17:48:58 - Verificando se o servidor est? ativo...
30/09/2006 17:48:59 - Servidor ativo iniciando programa...
30/09/2006 17:48:59 - Verificando se o banco de dados est? ativo...
30/09/2006 17:49:00 - Conex?o com banco de dados realizada com sucesso... o programa est? ativo...
30/09/2006 17:49:31 - Iniciando a aplica??o...
30/09/2006 17:49:31 - Verificando se o servidor est? ativo...
30/09/2006 17:49:31 - Servidor ativo iniciando programa...
30/09/2006 17:49:31 - Verificando se o banco de dados est? ativo...
30/09/2006 17:49:31 - Conex?o com banco de dados realizada com sucesso... o programa est? ativo...
30/09/2006 17:53:40 - Iniciando a aplica??o...
30/09/2006 17:53:40 - Verificando se o servidor est? ativo...
30/09/2006 17:53:40 - Servidor ativo iniciando programa...
30/09/2006 17:53:40 - Verificando se o banco de dados est? ativo...
30/09/2006 17:53:40 - Conex?o com banco de dados realizada com sucesso... o programa est? ativo...
30/09/2006 18:11:57 - Iniciando a aplica??o...
30/09/2006 18:11:58 - Verificando se o servidor est? ativo...
30/09/2006 18:11:58 - Servidor ativo iniciando programa...
30/09/2006 18:11:58 - Verificando se o banco de dados est? ativo...
30/09/2006 18:11:59 - Conex?o com banco de dados realizada com sucesso... o programa est? ativo...
30/09/2006 18:18:59 - Iniciando a aplica??o...
30/09/2006 18:18:59 - Verificando se o servidor est? ativo...
30/09/2006 18:18:59 - Servidor ativo iniciando programa...
30/09/2006 18:18:59 - Verificando se o banco de dados est? ativo...
30/09/2006 18:18:59 - Conex?o com banco de dados realizada com sucesso... o programa est? ativo...
30/09/2006 18:21:48 - Iniciando a aplica??o...
30/09/2006 18:21:48 - Verificando se o servidor est? ativo...
30/09/2006 18:21:48 - Servidor ativo iniciando programa...
30/09/2006 18:21:48 - Verificando se o banco de dados est? ativo...
30/09/2006 18:21:48 - Conex?o com banco de dados realizada com sucesso... o programa est? ativo...
30/09/2006 18:22:11 - Iniciando a aplica??o...
30/09/2006 18:22:11 - Verificando se o servidor est? ativo...
30/09/2006 18:22:11 - Servidor ativo iniciando programa...
30/09/2006 18:22:11 - Verificando se o banco de dados est? ativo...
30/09/2006 18:22:11 - Conex?o com banco de dados realizada com sucesso... o programa est? ativo...
30/09/2006 18:24:55 - Iniciando a aplica??o...
30/09/2006 18:24:55 - Verificando se o servidor est? ativo...
30/09/2006 18:24:55 - Servidor ativo iniciando programa...
30/09/2006 18:24:55 - Verificando se o banco de dados est? ativo...
30/09/2006 18:24:57 - Conex?o com banco de dados realizada com sucesso... o programa est? ativo...
30/09/2006 18:25:57 - Iniciando a aplica??o...
30/09/2006 18:25:57 - Verificando se o servidor est? ativo...
30/09/2006 18:25:57 - Servidor ativo iniciando programa...
30/09/2006 18:25:57 - Verificando se o banco de dados est? ativo...
30/09/2006 18:25:57 - Conex?o com banco de dados realizada com sucesso... o programa est? ativo...
30/09/2006 18:29:06 - Iniciando a aplica??o...
30/09/2006 18:29:06 - Verificando se o servidor est? ativo...
30/09/2006 18:29:06 - Servidor ativo iniciando programa...
30/09/2006 18:29:06 - Verificando se o banco de dados est? ativo...
30/09/2006 18:29:06 - Conex?o com banco de dados realizada com sucesso... o programa est? ativo...
30/09/2006 18:29:45 - Iniciando a aplica??o...
30/09/2006 18:29:45 - Verificando se o servidor est? ativo...
30/09/2006 18:29:45 - Servidor ativo iniciando programa...
30/09/2006 18:29:45 - Verificando se o banco de dados est? ativo...
30/09/2006 18:29:46 - Conex?o com banco de dados realizada com sucesso... o programa est? ativo...
30/09/2006 18:36:14 - Iniciando a aplica??o...
30/09/2006 18:36:14 - Verificando se o servidor est? ativo...
30/09/2006 18:36:14 - Servidor ativo iniciando programa...
30/09/2006 18:36:14 - Verificando se o banco de dados est? ativo...
30/09/2006 18:36:14 - Conex?o com banco de dados realizada com sucesso... o programa est? ativo...
30/09/2006 18:37:21 - Iniciando a aplica??o...
30/09/2006 18:37:21 - Verificando se o servidor est? ativo...
30/09/2006 18:37:21 - Servidor ativo iniciando programa...
30/09/2006 18:37:21 - Verificando se o banco de dados est? ativo...
30/09/2006 18:37:21 - Conex?o com banco de dados realizada com sucesso... o programa est? ativo...
30/09/2006 18:41:50 - Iniciando a aplica??o...
30/09/2006 18:41:50 - Verificando se o servidor est? ativo...
30/09/2006 18:41:51 - Servidor ativo iniciando programa...
30/09/2006 18:41:51 - Verificando se o banco de dados est? ativo...
30/09/2006 18:41:52 - Conex?o com banco de dados realizada com sucesso... o programa est? ativo...
30/09/2006 18:45:30 - Iniciando a aplica??o...
30/09/2006 18:45:30 - Verificando se o servidor est? ativo...
30/09/2006 18:45:30 - Servidor ativo iniciando programa...
30/09/2006 18:45:30 - Verificando se o banco de dados est? ativo...
30/09/2006 18:45:30 - Conex?o com banco de dados realizada com sucesso... o programa est? ativo...
30/09/2006 18:48:01 - Iniciando a aplica??o...
30/09/2006 18:48:01 - Verificando se o servidor est? ativo...
30/09/2006 18:48:01 - Servidor ativo iniciando programa...
30/09/2006 18:48:01 - Verificando se o banco de dados est? ativo...
30/09/2006 18:48:01 - Conex?o com banco de dados realizada com sucesso... o programa est? ativo...
30/09/2006 18:55:26 - Iniciando a aplica??o...
30/09/2006 18:55:26 - Verificando se o servidor est? ativo...
30/09/2006 18:55:27 - Servidor ativo iniciando programa...
30/09/2006 18:55:27 - Verificando se o banco de dados est? ativo...
30/09/2006 18:55:29 - Conex?o com banco de dados realizada com sucesso... o programa est? ativo...
05/10/2006 20:02:56 - Iniciando a aplica??o...
05/10/2006 20:02:56 - Verificando se o servidor est? ativo...
05/10/2006 20:02:56 - Servidor ativo iniciando programa...
05/10/2006 20:02:56 - Verificando se o banco de dados est? ativo...
05/10/2006 20:02:57 - Conex?o com banco de dados realizada com sucesso... o programa est? ativo...
